2026-03-13 10:59:14 INFO  c.e.e.i.RequestLoggingInterceptor - Pre-Handle <- Incoming Request | Method: GET | URL: /index.html | IP: 0:0:0:0:0:0:0:1
2026-03-13 10:59:15 INFO  c.e.e.i.RequestLoggingInterceptor - Post-Handle -> Response Sent | URL: /index.html | Status: 200
2026-03-13 10:59:15 INFO  c.e.e.i.RequestLoggingInterceptor - after-Completion - Request Complete  | URL: /index.html | Time: 125ms | Status: 200
2026-03-13 10:59:15 INFO  c.e.e.i.RequestLoggingInterceptor - Pre-Handle <- Incoming Request | Method: GET | URL: /api/v1/reports/user-roles-data | IP: 0:0:0:0:0:0:0:1
2026-03-13 10:59:15 INFO  c.e.e.i.RequestLoggingInterceptor - Pre-Handle <- Incoming Request | Method: GET | URL: /api/v1/reports/users-data | IP: 0:0:0:0:0:0:0:1
2026-03-13 10:59:15 INFO  c.e.e.i.RequestLoggingInterceptor - Pre-Handle <- Incoming Request | Method: GET | URL: /api/v1/reports/auth-summary-data | IP: 0:0:0:0:0:0:0:1
2026-03-13 10:59:16 INFO  c.e.e.i.RequestLoggingInterceptor - Post-Handle -> Response Sent | URL: /api/v1/reports/auth-summary-data | Status: 200
2026-03-13 10:59:16 INFO  c.e.e.i.RequestLoggingInterceptor - after-Completion - Request Complete  | URL: /api/v1/reports/auth-summary-data | Time: 1049ms | Status: 200
2026-03-13 10:59:17 INFO  c.e.e.i.RequestLoggingInterceptor - Post-Handle -> Response Sent | URL: /api/v1/reports/user-roles-data | Status: 200
2026-03-13 10:59:17 INFO  c.e.e.i.RequestLoggingInterceptor - after-Completion - Request Complete  | URL: /api/v1/reports/user-roles-data | Time: 1466ms | Status: 200
2026-03-13 10:59:17 INFO  c.e.e.i.RequestLoggingInterceptor - Post-Handle -> Response Sent | URL: /api/v1/reports/users-data | Status: 200
2026-03-13 10:59:17 INFO  c.e.e.i.RequestLoggingInterceptor - after-Completion - Request Complete  | URL: /api/v1/reports/users-data | Time: 1568ms | Status: 200
2026-03-13 10:59:17 INFO  c.e.e.i.RequestLoggingInterceptor - Pre-Handle <- Incoming Request | Method: GET | URL: /LoginRegister.html | IP: 0:0:0:0:0:0:0:1
2026-03-13 10:59:17 INFO  c.e.e.i.RequestLoggingInterceptor - Post-Handle -> Response Sent | URL: /LoginRegister.html | Status: 200
2026-03-13 10:59:17 INFO  c.e.e.i.RequestLoggingInterceptor - after-Completion - Request Complete  | URL: /LoginRegister.html | Time: 37ms | Status: 200
2026-03-13 11:00:06 INFO  c.e.e.i.RequestLoggingInterceptor - Pre-Handle <- Incoming Request | Method: GET | URL: /report-all.html | IP: 0:0:0:0:0:0:0:1
2026-03-13 11:00:06 INFO  c.e.e.i.RequestLoggingInterceptor - Post-Handle -> Response Sent | URL: /report-all.html | Status: 200
2026-03-13 11:00:06 INFO  c.e.e.i.RequestLoggingInterceptor - after-Completion - Request Complete  | URL: /report-all.html | Time: 11ms | Status: 200
2026-03-13 11:00:07 INFO  c.e.e.i.RequestLoggingInterceptor - Pre-Handle <- Incoming Request | Method: GET | URL: /api/v1/reports/auth-summary-data | IP: 0:0:0:0:0:0:0:1
2026-03-13 11:00:07 INFO  c.e.e.i.RequestLoggingInterceptor - Pre-Handle <- Incoming Request | Method: GET | URL: /api/v1/reports/users-data | IP: 0:0:0:0:0:0:0:1
2026-03-13 11:00:07 INFO  c.e.e.i.RequestLoggingInterceptor - Pre-Handle <- Incoming Request | Method: GET | URL: /api/v1/reports/user-roles-data | IP: 0:0:0:0:0:0:0:1
2026-03-13 11:00:07 INFO  c.e.e.i.RequestLoggingInterceptor - Post-Handle -> Response Sent | URL: /api/v1/reports/auth-summary-data | Status: 200
2026-03-13 11:00:07 INFO  c.e.e.i.RequestLoggingInterceptor - after-Completion - Request Complete  | URL: /api/v1/reports/auth-summary-data | Time: 15ms | Status: 200
2026-03-13 11:00:07 INFO  c.e.e.i.RequestLoggingInterceptor - Post-Handle -> Response Sent | URL: /api/v1/reports/user-roles-data | Status: 200
2026-03-13 11:00:07 INFO  c.e.e.i.RequestLoggingInterceptor - after-Completion - Request Complete  | URL: /api/v1/reports/user-roles-data | Time: 143ms | Status: 200
2026-03-13 11:00:07 INFO  c.e.e.i.RequestLoggingInterceptor - Post-Handle -> Response Sent | URL: /api/v1/reports/users-data | Status: 200
2026-03-13 11:00:07 INFO  c.e.e.i.RequestLoggingInterceptor - after-Completion - Request Complete  | URL: /api/v1/reports/users-data | Time: 160ms | Status: 200
2026-03-13 11:00:34 INFO  c.e.e.i.RequestLoggingInterceptor - Pre-Handle <- Incoming Request | Method: GET | URL: /api/v1/reports/user-roles-data | IP: 0:0:0:0:0:0:0:1
2026-03-13 11:00:34 INFO  c.e.e.i.RequestLoggingInterceptor - Post-Handle -> Response Sent | URL: /api/v1/reports/user-roles-data | Status: 200
2026-03-13 11:00:34 INFO  c.e.e.i.RequestLoggingInterceptor - after-Completion - Request Complete  | URL: /api/v1/reports/user-roles-data | Time: 40ms | Status: 200
2026-03-13 11:00:38 INFO  c.e.e.i.RequestLoggingInterceptor - Pre-Handle <- Incoming Request | Method: GET | URL: /api/v1/reports/user-roles-data | IP: 0:0:0:0:0:0:0:1
2026-03-13 11:00:39 INFO  c.e.e.i.RequestLoggingInterceptor - Post-Handle -> Response Sent | URL: /api/v1/reports/user-roles-data | Status: 200
2026-03-13 11:00:39 INFO  c.e.e.i.RequestLoggingInterceptor - after-Completion - Request Complete  | URL: /api/v1/reports/user-roles-data | Time: 78ms | Status: 200
2026-03-13 11:02:52 INFO  c.e.e.i.RequestLoggingInterceptor - Pre-Handle <- Incoming Request | Method: POST | URL: /api/v1/auth/login | IP: 0:0:0:0:0:0:0:1
2026-03-13 11:02:58 INFO  c.e.e.i.RequestLoggingInterceptor - Post-Handle -> Response Sent | URL: /api/v1/auth/login | Status: 200
2026-03-13 11:02:58 INFO  c.e.e.i.RequestLoggingInterceptor - after-Completion - Request Complete  | URL: /api/v1/auth/login | Time: 5223ms | Status: 200
2026-03-13 11:03:03 INFO  c.e.e.i.RequestLoggingInterceptor - Pre-Handle <- Incoming Request | Method: GET | URL: /report-all.html | IP: 0:0:0:0:0:0:0:1
2026-03-13 11:03:04 INFO  c.e.e.i.RequestLoggingInterceptor - Post-Handle -> Response Sent | URL: /report-all.html | Status: 200
2026-03-13 11:03:04 INFO  c.e.e.i.RequestLoggingInterceptor - after-Completion - Request Complete  | URL: /report-all.html | Time: 112ms | Status: 200
2026-03-13 11:03:04 INFO  c.e.e.i.RequestLoggingInterceptor - Pre-Handle <- Incoming Request | Method: GET | URL: /api/v1/reports/users-data | IP: 0:0:0:0:0:0:0:1
2026-03-13 11:03:04 INFO  c.e.e.i.RequestLoggingInterceptor - Pre-Handle <- Incoming Request | Method: GET | URL: /api/v1/reports/user-roles-data | IP: 0:0:0:0:0:0:0:1
2026-03-13 11:03:04 INFO  c.e.e.i.RequestLoggingInterceptor - Pre-Handle <- Incoming Request | Method: GET | URL: /api/v1/reports/auth-summary-data | IP: 0:0:0:0:0:0:0:1
2026-03-13 11:03:04 INFO  c.e.e.i.RequestLoggingInterceptor - Post-Handle -> Response Sent | URL: /api/v1/reports/auth-summary-data | Status: 200
2026-03-13 11:03:04 INFO  c.e.e.i.RequestLoggingInterceptor - after-Completion - Request Complete  | URL: /api/v1/reports/auth-summary-data | Time: 20ms | Status: 200
2026-03-13 11:03:04 INFO  c.e.e.i.RequestLoggingInterceptor - Post-Handle -> Response Sent | URL: /api/v1/reports/users-data | Status: 200
2026-03-13 11:03:04 INFO  c.e.e.i.RequestLoggingInterceptor - after-Completion - Request Complete  | URL: /api/v1/reports/users-data | Time: 157ms | Status: 200
2026-03-13 11:03:04 INFO  c.e.e.i.RequestLoggingInterceptor - Post-Handle -> Response Sent | URL: /api/v1/reports/user-roles-data | Status: 200
2026-03-13 11:03:04 INFO  c.e.e.i.RequestLoggingInterceptor - after-Completion - Request Complete  | URL: /api/v1/reports/user-roles-data | Time: 175ms | Status: 200
2026-03-13 11:04:40 INFO  c.e.e.i.RequestLoggingInterceptor - Pre-Handle <- Incoming Request | Method: GET | URL: /api/v1/reports/user-roles-data | IP: 0:0:0:0:0:0:0:1
2026-03-13 11:04:40 INFO  c.e.e.i.RequestLoggingInterceptor - Post-Handle -> Response Sent | URL: /api/v1/reports/user-roles-data | Status: 200
2026-03-13 11:04:40 INFO  c.e.e.i.RequestLoggingInterceptor - after-Completion - Request Complete  | URL: /api/v1/reports/user-roles-data | Time: 73ms | Status: 200
2026-03-13 11:04:46 INFO  c.e.e.i.RequestLoggingInterceptor - Pre-Handle <- Incoming Request | Method: GET | URL: /api/v1/reports/user-roles-data | IP: 0:0:0:0:0:0:0:1
2026-03-13 11:04:46 INFO  c.e.e.i.RequestLoggingInterceptor - Post-Handle -> Response Sent | URL: /api/v1/reports/user-roles-data | Status: 200
2026-03-13 11:04:46 INFO  c.e.e.i.RequestLoggingInterceptor - after-Completion - Request Complete  | URL: /api/v1/reports/user-roles-data | Time: 167ms | Status: 200
2026-03-13 11:05:02 INFO  c.e.e.i.RequestLoggingInterceptor - Pre-Handle <- Incoming Request | Method: GET | URL: /api/v1/reports/user-roles-data | IP: 0:0:0:0:0:0:0:1
2026-03-13 11:05:02 INFO  c.e.e.i.RequestLoggingInterceptor - Post-Handle -> Response Sent | URL: /api/v1/reports/user-roles-data | Status: 200
2026-03-13 11:05:02 INFO  c.e.e.i.RequestLoggingInterceptor - after-Completion - Request Complete  | URL: /api/v1/reports/user-roles-data | Time: 344ms | Status: 200
2026-03-13 11:05:05 INFO  c.e.e.i.RequestLoggingInterceptor - Pre-Handle <- Incoming Request | Method: GET | URL: /api/v1/reports/user-roles-data | IP: 0:0:0:0:0:0:0:1
2026-03-13 11:05:05 INFO  c.e.e.i.RequestLoggingInterceptor - Post-Handle -> Response Sent | URL: /api/v1/reports/user-roles-data | Status: 200
2026-03-13 11:05:05 INFO  c.e.e.i.RequestLoggingInterceptor - after-Completion - Request Complete  | URL: /api/v1/reports/user-roles-data | Time: 182ms | Status: 200
2026-03-13 11:05:07 INFO  c.e.e.i.RequestLoggingInterceptor - Pre-Handle <- Incoming Request | Method: GET | URL: /api/v1/reports/user-roles-data | IP: 0:0:0:0:0:0:0:1
2026-03-13 11:05:08 INFO  c.e.e.i.RequestLoggingInterceptor - Post-Handle -> Response Sent | URL: /api/v1/reports/user-roles-data | Status: 200
2026-03-13 11:05:08 INFO  c.e.e.i.RequestLoggingInterceptor - after-Completion - Request Complete  | URL: /api/v1/reports/user-roles-data | Time: 359ms | Status: 200
2026-03-13 11:05:32 INFO  c.e.e.i.RequestLoggingInterceptor - Pre-Handle <- Incoming Request | Method: GET | URL: /api/v1/reports/user-roles-data | IP: 0:0:0:0:0:0:0:1
2026-03-13 11:05:32 INFO  c.e.e.i.RequestLoggingInterceptor - Post-Handle -> Response Sent | URL: /api/v1/reports/user-roles-data | Status: 200
2026-03-13 11:05:32 INFO  c.e.e.i.RequestLoggingInterceptor - after-Completion - Request Complete  | URL: /api/v1/reports/user-roles-data | Time: 331ms | Status: 200
2026-03-13 11:14:36 INFO  c.e.e.i.RequestLoggingInterceptor - Pre-Handle <- Incoming Request | Method: GET | URL: /report-all1.html | IP: 0:0:0:0:0:0:0:1
2026-03-13 11:14:36 INFO  c.e.e.i.RequestLoggingInterceptor - Post-Handle -> Response Sent | URL: /report-all1.html | Status: 200
2026-03-13 11:14:36 INFO  c.e.e.i.RequestLoggingInterceptor - after-Completion - Request Complete  | URL: /report-all1.html | Time: 117ms | Status: 200
2026-03-13 11:14:37 INFO  c.e.e.i.RequestLoggingInterceptor - Pre-Handle <- Incoming Request | Method: GET | URL: /api/v1/reports/auth-summary-data | IP: 0:0:0:0:0:0:0:1
2026-03-13 11:14:37 INFO  c.e.e.i.RequestLoggingInterceptor - Pre-Handle <- Incoming Request | Method: GET | URL: /api/v1/reports/user-roles-data | IP: 0:0:0:0:0:0:0:1
2026-03-13 11:14:37 INFO  c.e.e.i.RequestLoggingInterceptor - Pre-Handle <- Incoming Request | Method: GET | URL: /api/v1/reports/users-data | IP: 0:0:0:0:0:0:0:1
2026-03-13 11:14:37 INFO  c.e.e.i.RequestLoggingInterceptor - Post-Handle -> Response Sent | URL: /api/v1/reports/auth-summary-data | Status: 200
2026-03-13 11:14:37 INFO  c.e.e.i.RequestLoggingInterceptor - after-Completion - Request Complete  | URL: /api/v1/reports/auth-summary-data | Time: 418ms | Status: 200
2026-03-13 11:14:37 INFO  c.e.e.i.RequestLoggingInterceptor - Post-Handle -> Response Sent | URL: /api/v1/reports/user-roles-data | Status: 200
2026-03-13 11:14:37 INFO  c.e.e.i.RequestLoggingInterceptor - after-Completion - Request Complete  | URL: /api/v1/reports/user-roles-data | Time: 559ms | Status: 200
2026-03-13 11:14:37 INFO  c.e.e.i.RequestLoggingInterceptor - Post-Handle -> Response Sent | URL: /api/v1/reports/users-data | Status: 200
2026-03-13 11:14:37 INFO  c.e.e.i.RequestLoggingInterceptor - after-Completion - Request Complete  | URL: /api/v1/reports/users-data | Time: 577ms | Status: 200
2026-03-13 11:15:54 INFO  c.e.e.i.RequestLoggingInterceptor - Pre-Handle <- Incoming Request | Method: GET | URL: /api/v1/reports/users-data | IP: 0:0:0:0:0:0:0:1
2026-03-13 11:15:54 INFO  c.e.e.i.RequestLoggingInterceptor - Pre-Handle <- Incoming Request | Method: GET | URL: /api/v1/reports/auth-summary-data | IP: 0:0:0:0:0:0:0:1
2026-03-13 11:15:54 INFO  c.e.e.i.RequestLoggingInterceptor - Pre-Handle <- Incoming Request | Method: GET | URL: /api/v1/reports/user-roles-data | IP: 0:0:0:0:0:0:0:1
2026-03-13 11:15:54 INFO  c.e.e.i.RequestLoggingInterceptor - Post-Handle -> Response Sent | URL: /api/v1/reports/auth-summary-data | Status: 200
2026-03-13 11:15:54 INFO  c.e.e.i.RequestLoggingInterceptor - after-Completion - Request Complete  | URL: /api/v1/reports/auth-summary-data | Time: 9ms | Status: 200
2026-03-13 11:15:54 INFO  c.e.e.i.RequestLoggingInterceptor - Post-Handle -> Response Sent | URL: /api/v1/reports/user-roles-data | Status: 200
2026-03-13 11:15:54 INFO  c.e.e.i.RequestLoggingInterceptor - Post-Handle -> Response Sent | URL: /api/v1/reports/users-data | Status: 200
2026-03-13 11:15:54 INFO  c.e.e.i.RequestLoggingInterceptor - after-Completion - Request Complete  | URL: /api/v1/reports/user-roles-data | Time: 88ms | Status: 200
2026-03-13 11:15:54 INFO  c.e.e.i.RequestLoggingInterceptor - after-Completion - Request Complete  | URL: /api/v1/reports/users-data | Time: 89ms | Status: 200
2026-03-13 11:18:52 INFO  c.e.e.i.RequestLoggingInterceptor - Pre-Handle <- Incoming Request | Method: GET | URL: /report-all1.html | IP: 0:0:0:0:0:0:0:1
2026-03-13 11:18:52 INFO  c.e.e.i.RequestLoggingInterceptor - Post-Handle -> Response Sent | URL: /report-all1.html | Status: 200
2026-03-13 11:18:52 INFO  c.e.e.i.RequestLoggingInterceptor - after-Completion - Request Complete  | URL: /report-all1.html | Time: 34ms | Status: 200
2026-03-13 11:18:52 INFO  c.e.e.i.RequestLoggingInterceptor - Pre-Handle <- Incoming Request | Method: GET | URL: /api/v1/reports/users-data | IP: 0:0:0:0:0:0:0:1
2026-03-13 11:18:52 INFO  c.e.e.i.RequestLoggingInterceptor - Pre-Handle <- Incoming Request | Method: GET | URL: /api/v1/reports/auth-summary-data | IP: 0:0:0:0:0:0:0:1
2026-03-13 11:18:52 INFO  c.e.e.i.RequestLoggingInterceptor - Pre-Handle <- Incoming Request | Method: GET | URL: /api/v1/reports/user-roles-data | IP: 0:0:0:0:0:0:0:1
2026-03-13 11:18:53 INFO  c.e.e.i.RequestLoggingInterceptor - Post-Handle -> Response Sent | URL: /api/v1/reports/auth-summary-data | Status: 200
2026-03-13 11:18:53 INFO  c.e.e.i.RequestLoggingInterceptor - after-Completion - Request Complete  | URL: /api/v1/reports/auth-summary-data | Time: 512ms | Status: 200
2026-03-13 11:18:53 INFO  c.e.e.i.RequestLoggingInterceptor - Post-Handle -> Response Sent | URL: /api/v1/reports/user-roles-data | Status: 200
2026-03-13 11:18:53 INFO  c.e.e.i.RequestLoggingInterceptor - after-Completion - Request Complete  | URL: /api/v1/reports/user-roles-data | Time: 764ms | Status: 200
2026-03-13 11:18:53 INFO  c.e.e.i.RequestLoggingInterceptor - Post-Handle -> Response Sent | URL: /api/v1/reports/users-data | Status: 200
2026-03-13 11:18:53 INFO  c.e.e.i.RequestLoggingInterceptor - after-Completion - Request Complete  | URL: /api/v1/reports/users-data | Time: 801ms | Status: 200
2026-03-13 11:30:34 INFO  c.e.e.i.RequestLoggingInterceptor - Pre-Handle <- Incoming Request | Method: GET | URL: /report-all2.html | IP: 0:0:0:0:0:0:0:1
2026-03-13 11:30:34 INFO  c.e.e.i.RequestLoggingInterceptor - Post-Handle -> Response Sent | URL: /report-all2.html | Status: 200
2026-03-13 11:30:34 INFO  c.e.e.i.RequestLoggingInterceptor - after-Completion - Request Complete  | URL: /report-all2.html | Time: 38ms | Status: 200
2026-03-13 11:30:34 INFO  c.e.e.i.RequestLoggingInterceptor - Pre-Handle <- Incoming Request | Method: GET | URL: /api/v1/reports/auth-summary-data | IP: 0:0:0:0:0:0:0:1
2026-03-13 11:30:34 INFO  c.e.e.i.RequestLoggingInterceptor - Pre-Handle <- Incoming Request | Method: GET | URL: /api/v1/reports/users-data | IP: 0:0:0:0:0:0:0:1
2026-03-13 11:30:34 INFO  c.e.e.i.RequestLoggingInterceptor - Pre-Handle <- Incoming Request | Method: GET | URL: /api/v1/reports/user-roles-data | IP: 0:0:0:0:0:0:0:1
2026-03-13 11:30:34 INFO  c.e.e.i.RequestLoggingInterceptor - Post-Handle -> Response Sent | URL: /api/v1/reports/auth-summary-data | Status: 200
2026-03-13 11:30:34 INFO  c.e.e.i.RequestLoggingInterceptor - after-Completion - Request Complete  | URL: /api/v1/reports/auth-summary-data | Time: 512ms | Status: 200
2026-03-13 11:30:34 INFO  c.e.e.i.RequestLoggingInterceptor - Post-Handle -> Response Sent | URL: /api/v1/reports/user-roles-data | Status: 200
2026-03-13 11:30:34 INFO  c.e.e.i.RequestLoggingInterceptor - after-Completion - Request Complete  | URL: /api/v1/reports/user-roles-data | Time: 751ms | Status: 200
2026-03-13 11:30:35 INFO  c.e.e.i.RequestLoggingInterceptor - Post-Handle -> Response Sent | URL: /api/v1/reports/users-data | Status: 200
2026-03-13 11:30:35 INFO  c.e.e.i.RequestLoggingInterceptor - after-Completion - Request Complete  | URL: /api/v1/reports/users-data | Time: 773ms | Status: 200
2026-03-13 11:30:50 INFO  c.e.e.i.RequestLoggingInterceptor - Pre-Handle <- Incoming Request | Method: POST | URL: /api/v1/auth/login | IP: 0:0:0:0:0:0:0:1
2026-03-13 11:30:52 INFO  c.e.e.i.RequestLoggingInterceptor - Post-Handle -> Response Sent | URL: /api/v1/auth/login | Status: 200
2026-03-13 11:30:52 INFO  c.e.e.i.RequestLoggingInterceptor - after-Completion - Request Complete  | URL: /api/v1/auth/login | Time: 2003ms | Status: 200
2026-03-13 11:30:58 INFO  c.e.e.i.RequestLoggingInterceptor - Pre-Handle <- Incoming Request | Method: GET | URL: /report-all2.html | IP: 0:0:0:0:0:0:0:1
2026-03-13 11:30:58 INFO  c.e.e.i.RequestLoggingInterceptor - Post-Handle -> Response Sent | URL: /report-all2.html | Status: 200
2026-03-13 11:30:58 INFO  c.e.e.i.RequestLoggingInterceptor - after-Completion - Request Complete  | URL: /report-all2.html | Time: 8ms | Status: 200
2026-03-13 11:30:58 INFO  c.e.e.i.RequestLoggingInterceptor - Pre-Handle <- Incoming Request | Method: GET | URL: /api/v1/reports/auth-summary-data | IP: 0:0:0:0:0:0:0:1
2026-03-13 11:30:58 INFO  c.e.e.i.RequestLoggingInterceptor - Pre-Handle <- Incoming Request | Method: GET | URL: /api/v1/reports/users-data | IP: 0:0:0:0:0:0:0:1
2026-03-13 11:30:58 INFO  c.e.e.i.RequestLoggingInterceptor - Pre-Handle <- Incoming Request | Method: GET | URL: /api/v1/reports/user-roles-data | IP: 0:0:0:0:0:0:0:1
2026-03-13 11:30:58 INFO  c.e.e.i.RequestLoggingInterceptor - Post-Handle -> Response Sent | URL: /api/v1/reports/auth-summary-data | Status: 200
2026-03-13 11:30:58 INFO  c.e.e.i.RequestLoggingInterceptor - after-Completion - Request Complete  | URL: /api/v1/reports/auth-summary-data | Time: 70ms | Status: 200
2026-03-13 11:30:59 INFO  c.e.e.i.RequestLoggingInterceptor - Post-Handle -> Response Sent | URL: /api/v1/reports/user-roles-data | Status: 200
2026-03-13 11:30:59 INFO  c.e.e.i.RequestLoggingInterceptor - after-Completion - Request Complete  | URL: /api/v1/reports/user-roles-data | Time: 303ms | Status: 200
2026-03-13 11:30:59 INFO  c.e.e.i.RequestLoggingInterceptor - Post-Handle -> Response Sent | URL: /api/v1/reports/users-data | Status: 200
2026-03-13 11:30:59 INFO  c.e.e.i.RequestLoggingInterceptor - after-Completion - Request Complete  | URL: /api/v1/reports/users-data | Time: 315ms | Status: 200
2026-03-13 11:39:37 INFO  c.e.e.i.RequestLoggingInterceptor - Pre-Handle <- Incoming Request | Method: POST | URL: /api/v1/auth/refresh | IP: 0:0:0:0:0:0:0:1
2026-03-13 11:39:37 INFO  c.e.e.i.RequestLoggingInterceptor - after-Completion - Request Complete  | URL: /api/v1/auth/refresh | Time: 62ms | Status: 500
2026-03-13 11:39:43 INFO  c.e.e.i.RequestLoggingInterceptor - Pre-Handle <- Incoming Request | Method: GET | URL: /report-all2.html | IP: 0:0:0:0:0:0:0:1
2026-03-13 11:39:43 INFO  c.e.e.i.RequestLoggingInterceptor - Post-Handle -> Response Sent | URL: /report-all2.html | Status: 200
2026-03-13 11:39:43 INFO  c.e.e.i.RequestLoggingInterceptor - after-Completion - Request Complete  | URL: /report-all2.html | Time: 26ms | Status: 200
2026-03-13 11:39:43 INFO  c.e.e.i.RequestLoggingInterceptor - Pre-Handle <- Incoming Request | Method: GET | URL: /api/v1/reports/auth-summary-data | IP: 0:0:0:0:0:0:0:1
2026-03-13 11:39:43 INFO  c.e.e.i.RequestLoggingInterceptor - Pre-Handle <- Incoming Request | Method: GET | URL: /api/v1/reports/users-data | IP: 0:0:0:0:0:0:0:1
2026-03-13 11:39:43 INFO  c.e.e.i.RequestLoggingInterceptor - Pre-Handle <- Incoming Request | Method: GET | URL: /api/v1/reports/user-roles-data | IP: 0:0:0:0:0:0:0:1
2026-03-13 11:39:43 INFO  c.e.e.i.RequestLoggingInterceptor - Post-Handle -> Response Sent | URL: /api/v1/reports/auth-summary-data | Status: 200
2026-03-13 11:39:43 INFO  c.e.e.i.RequestLoggingInterceptor - after-Completion - Request Complete  | URL: /api/v1/reports/auth-summary-data | Time: 17ms | Status: 200
2026-03-13 11:39:43 INFO  c.e.e.i.RequestLoggingInterceptor - Post-Handle -> Response Sent | URL: /api/v1/reports/user-roles-data | Status: 200
2026-03-13 11:39:43 INFO  c.e.e.i.RequestLoggingInterceptor - after-Completion - Request Complete  | URL: /api/v1/reports/user-roles-data | Time: 198ms | Status: 200
2026-03-13 11:39:43 INFO  c.e.e.i.RequestLoggingInterceptor - Post-Handle -> Response Sent | URL: /api/v1/reports/users-data | Status: 200
2026-03-13 11:39:43 INFO  c.e.e.i.RequestLoggingInterceptor - after-Completion - Request Complete  | URL: /api/v1/reports/users-data | Time: 228ms | Status: 200
2026-03-13 11:50:09 INFO  c.e.e.i.RequestLoggingInterceptor - Pre-Handle <- Incoming Request | Method: GET | URL: /report-all3.html | IP: 0:0:0:0:0:0:0:1
2026-03-13 11:50:09 INFO  c.e.e.i.RequestLoggingInterceptor - Post-Handle -> Response Sent | URL: /report-all3.html | Status: 200
2026-03-13 11:50:09 INFO  c.e.e.i.RequestLoggingInterceptor - after-Completion - Request Complete  | URL: /report-all3.html | Time: 146ms | Status: 200
2026-03-13 11:50:09 INFO  c.e.e.i.RequestLoggingInterceptor - Pre-Handle <- Incoming Request | Method: GET | URL: /api/v1/reports/users-data | IP: 0:0:0:0:0:0:0:1
2026-03-13 11:50:09 INFO  c.e.e.i.RequestLoggingInterceptor - Pre-Handle <- Incoming Request | Method: GET | URL: /api/v1/reports/auth-summary-data | IP: 0:0:0:0:0:0:0:1
2026-03-13 11:50:09 INFO  c.e.e.i.RequestLoggingInterceptor - Pre-Handle <- Incoming Request | Method: GET | URL: /api/v1/reports/user-roles-data | IP: 0:0:0:0:0:0:0:1
2026-03-13 11:50:10 INFO  c.e.e.i.RequestLoggingInterceptor - Post-Handle -> Response Sent | URL: /api/v1/reports/auth-summary-data | Status: 200
2026-03-13 11:50:10 INFO  c.e.e.i.RequestLoggingInterceptor - after-Completion - Request Complete  | URL: /api/v1/reports/auth-summary-data | Time: 559ms | Status: 200
2026-03-13 11:50:10 INFO  c.e.e.i.RequestLoggingInterceptor - Post-Handle -> Response Sent | URL: /api/v1/reports/user-roles-data | Status: 200
2026-03-13 11:50:10 INFO  c.e.e.i.RequestLoggingInterceptor - after-Completion - Request Complete  | URL: /api/v1/reports/user-roles-data | Time: 713ms | Status: 200
2026-03-13 11:50:10 INFO  c.e.e.i.RequestLoggingInterceptor - Post-Handle -> Response Sent | URL: /api/v1/reports/users-data | Status: 200
2026-03-13 11:50:10 INFO  c.e.e.i.RequestLoggingInterceptor - after-Completion - Request Complete  | URL: /api/v1/reports/users-data | Time: 739ms | Status: 200
2026-03-13 11:50:17 INFO  c.e.e.i.RequestLoggingInterceptor - Pre-Handle <- Incoming Request | Method: POST | URL: /api/v1/auth/refresh | IP: 0:0:0:0:0:0:0:1
2026-03-13 11:50:17 INFO  c.e.e.i.RequestLoggingInterceptor - after-Completion - Request Complete  | URL: /api/v1/auth/refresh | Time: 30ms | Status: 500
2026-03-13 11:50:59 INFO  c.e.e.i.RequestLoggingInterceptor - Pre-Handle <- Incoming Request | Method: POST | URL: /api/v1/auth/refresh | IP: 0:0:0:0:0:0:0:1
2026-03-13 11:50:59 INFO  c.e.e.i.RequestLoggingInterceptor - after-Completion - Request Complete  | URL: /api/v1/auth/refresh | Time: 9ms | Status: 500
2026-03-13 11:58:49 INFO  c.e.e.i.RequestLoggingInterceptor - Pre-Handle <- Incoming Request | Method: POST | URL: /api/v1/auth/login | IP: 0:0:0:0:0:0:0:1
2026-03-13 11:58:50 INFO  c.e.e.i.RequestLoggingInterceptor - Post-Handle -> Response Sent | URL: /api/v1/auth/login | Status: 200
2026-03-13 11:58:50 INFO  c.e.e.i.RequestLoggingInterceptor - after-Completion - Request Complete  | URL: /api/v1/auth/login | Time: 1011ms | Status: 200
2026-03-13 11:59:29 INFO  c.e.e.i.RequestLoggingInterceptor - Pre-Handle <- Incoming Request | Method: POST | URL: /api/v1/auth/refresh1 | IP: 0:0:0:0:0:0:0:1
2026-03-13 11:59:29 INFO  c.e.e.i.RequestLoggingInterceptor - Post-Handle -> Response Sent | URL: /api/v1/auth/refresh1 | Status: 200
2026-03-13 11:59:29 INFO  c.e.e.i.RequestLoggingInterceptor - after-Completion - Request Complete  | URL: /api/v1/auth/refresh1 | Time: 62ms | Status: 200
2026-03-13 11:59:37 INFO  c.e.e.i.RequestLoggingInterceptor - Pre-Handle <- Incoming Request | Method: GET | URL: /report-all3.html | IP: 0:0:0:0:0:0:0:1
2026-03-13 11:59:37 INFO  c.e.e.i.RequestLoggingInterceptor - Post-Handle -> Response Sent | URL: /report-all3.html | Status: 200
2026-03-13 11:59:37 INFO  c.e.e.i.RequestLoggingInterceptor - after-Completion - Request Complete  | URL: /report-all3.html | Time: 111ms | Status: 200
2026-03-13 11:59:37 INFO  c.e.e.i.RequestLoggingInterceptor - Pre-Handle <- Incoming Request | Method: GET | URL: /api/v1/reports/auth-summary-data | IP: 0:0:0:0:0:0:0:1
2026-03-13 11:59:37 INFO  c.e.e.i.RequestLoggingInterceptor - Pre-Handle <- Incoming Request | Method: GET | URL: /api/v1/reports/users-data | IP: 0:0:0:0:0:0:0:1
2026-03-13 11:59:37 INFO  c.e.e.i.RequestLoggingInterceptor - Pre-Handle <- Incoming Request | Method: GET | URL: /api/v1/reports/user-roles-data | IP: 0:0:0:0:0:0:0:1
2026-03-13 11:59:37 INFO  c.e.e.i.RequestLoggingInterceptor - Post-Handle -> Response Sent | URL: /api/v1/reports/auth-summary-data | Status: 200
2026-03-13 11:59:37 INFO  c.e.e.i.RequestLoggingInterceptor - after-Completion - Request Complete  | URL: /api/v1/reports/auth-summary-data | Time: 66ms | Status: 200
2026-03-13 11:59:37 INFO  c.e.e.i.RequestLoggingInterceptor - Post-Handle -> Response Sent | URL: /api/v1/reports/user-roles-data | Status: 200
2026-03-13 11:59:37 INFO  c.e.e.i.RequestLoggingInterceptor - after-Completion - Request Complete  | URL: /api/v1/reports/user-roles-data | Time: 251ms | Status: 200
2026-03-13 11:59:37 INFO  c.e.e.i.RequestLoggingInterceptor - Post-Handle -> Response Sent | URL: /api/v1/reports/users-data | Status: 200
2026-03-13 11:59:37 INFO  c.e.e.i.RequestLoggingInterceptor - after-Completion - Request Complete  | URL: /api/v1/reports/users-data | Time: 283ms | Status: 200
2026-03-13 12:02:52 INFO  c.e.e.i.RequestLoggingInterceptor - Pre-Handle <- Incoming Request | Method: GET | URL: /index.html | IP: 0:0:0:0:0:0:0:1
2026-03-13 12:02:52 INFO  c.e.e.i.RequestLoggingInterceptor - Post-Handle -> Response Sent | URL: /index.html | Status: 200
2026-03-13 12:02:52 INFO  c.e.e.i.RequestLoggingInterceptor - after-Completion - Request Complete  | URL: /index.html | Time: 168ms | Status: 200
2026-03-13 12:02:52 INFO  c.e.e.i.RequestLoggingInterceptor - Pre-Handle <- Incoming Request | Method: GET | URL: /LoginRegister.html | IP: 0:0:0:0:0:0:0:1
2026-03-13 12:02:52 INFO  c.e.e.i.RequestLoggingInterceptor - Post-Handle -> Response Sent | URL: /LoginRegister.html | Status: 200
2026-03-13 12:02:52 INFO  c.e.e.i.RequestLoggingInterceptor - after-Completion - Request Complete  | URL: /LoginRegister.html | Time: 19ms | Status: 200
2026-03-13 12:02:52 INFO  c.e.e.i.RequestLoggingInterceptor - Pre-Handle <- Incoming Request | Method: GET | URL: /api/v1/reports/users-data | IP: 0:0:0:0:0:0:0:1
2026-03-13 12:02:52 INFO  c.e.e.i.RequestLoggingInterceptor - Pre-Handle <- Incoming Request | Method: GET | URL: /api/v1/reports/auth-summary-data | IP: 0:0:0:0:0:0:0:1
2026-03-13 12:02:52 INFO  c.e.e.i.RequestLoggingInterceptor - Pre-Handle <- Incoming Request | Method: GET | URL: /api/v1/reports/user-roles-data | IP: 0:0:0:0:0:0:0:1
2026-03-13 12:02:53 INFO  c.e.e.i.RequestLoggingInterceptor - Post-Handle -> Response Sent | URL: /api/v1/reports/auth-summary-data | Status: 200
2026-03-13 12:02:53 INFO  c.e.e.i.RequestLoggingInterceptor - after-Completion - Request Complete  | URL: /api/v1/reports/auth-summary-data | Time: 966ms | Status: 200
2026-03-13 12:02:54 INFO  c.e.e.i.RequestLoggingInterceptor - Post-Handle -> Response Sent | URL: /api/v1/reports/user-roles-data | Status: 200
2026-03-13 12:02:54 INFO  c.e.e.i.RequestLoggingInterceptor - after-Completion - Request Complete  | URL: /api/v1/reports/user-roles-data | Time: 1440ms | Status: 200
2026-03-13 12:02:54 INFO  c.e.e.i.RequestLoggingInterceptor - Post-Handle -> Response Sent | URL: /api/v1/reports/users-data | Status: 200
2026-03-13 12:02:54 INFO  c.e.e.i.RequestLoggingInterceptor - after-Completion - Request Complete  | URL: /api/v1/reports/users-data | Time: 1470ms | Status: 200
2026-03-13 12:03:25 INFO  c.e.e.i.RequestLoggingInterceptor - Pre-Handle <- Incoming Request | Method: GET | URL: /LoginRegister.html | IP: 0:0:0:0:0:0:0:1
2026-03-13 12:03:25 INFO  c.e.e.i.RequestLoggingInterceptor - Post-Handle -> Response Sent | URL: /LoginRegister.html | Status: 200
2026-03-13 12:03:25 INFO  c.e.e.i.RequestLoggingInterceptor - after-Completion - Request Complete  | URL: /LoginRegister.html | Time: 11ms | Status: 200
2026-03-13 12:03:50 INFO  c.e.e.i.RequestLoggingInterceptor - Pre-Handle <- Incoming Request | Method: GET | URL: /index.html | IP: 0:0:0:0:0:0:0:1
2026-03-13 12:03:50 INFO  c.e.e.i.RequestLoggingInterceptor - Post-Handle -> Response Sent | URL: /index.html | Status: 200
2026-03-13 12:03:50 INFO  c.e.e.i.RequestLoggingInterceptor - after-Completion - Request Complete  | URL: /index.html | Time: 13ms | Status: 200
2026-03-13 12:03:50 INFO  c.e.e.i.RequestLoggingInterceptor - Pre-Handle <- Incoming Request | Method: GET | URL: /LoginRegister.html | IP: 0:0:0:0:0:0:0:1
2026-03-13 12:03:50 INFO  c.e.e.i.RequestLoggingInterceptor - Post-Handle -> Response Sent | URL: /LoginRegister.html | Status: 200
2026-03-13 12:03:50 INFO  c.e.e.i.RequestLoggingInterceptor - after-Completion - Request Complete  | URL: /LoginRegister.html | Time: 5ms | Status: 200
2026-03-13 12:03:50 INFO  c.e.e.i.RequestLoggingInterceptor - Pre-Handle <- Incoming Request | Method: GET | URL: /api/v1/reports/auth-summary-data | IP: 0:0:0:0:0:0:0:1
2026-03-13 12:03:50 INFO  c.e.e.i.RequestLoggingInterceptor - Pre-Handle <- Incoming Request | Method: GET | URL: /api/v1/reports/users-data | IP: 0:0:0:0:0:0:0:1
2026-03-13 12:03:50 INFO  c.e.e.i.RequestLoggingInterceptor - Post-Handle -> Response Sent | URL: /api/v1/reports/auth-summary-data | Status: 200
2026-03-13 12:03:50 INFO  c.e.e.i.RequestLoggingInterceptor - Pre-Handle <- Incoming Request | Method: GET | URL: /api/v1/reports/user-roles-data | IP: 0:0:0:0:0:0:0:1
2026-03-13 12:03:50 INFO  c.e.e.i.RequestLoggingInterceptor - after-Completion - Request Complete  | URL: /api/v1/reports/auth-summary-data | Time: 22ms | Status: 200
2026-03-13 12:03:50 INFO  c.e.e.i.RequestLoggingInterceptor - Post-Handle -> Response Sent | URL: /api/v1/reports/users-data | Status: 200
2026-03-13 12:03:50 INFO  c.e.e.i.RequestLoggingInterceptor - Post-Handle -> Response Sent | URL: /api/v1/reports/user-roles-data | Status: 200
2026-03-13 12:03:50 INFO  c.e.e.i.RequestLoggingInterceptor - after-Completion - Request Complete  | URL: /api/v1/reports/users-data | Time: 126ms | Status: 200
2026-03-13 12:03:50 INFO  c.e.e.i.RequestLoggingInterceptor - after-Completion - Request Complete  | URL: /api/v1/reports/user-roles-data | Time: 127ms | Status: 200
2026-03-13 12:05:23 INFO  c.e.e.i.RequestLoggingInterceptor - Pre-Handle <- Incoming Request | Method: GET | URL: /index.html | IP: 0:0:0:0:0:0:0:1
2026-03-13 12:05:23 INFO  c.e.e.i.RequestLoggingInterceptor - Post-Handle -> Response Sent | URL: /index.html | Status: 200
2026-03-13 12:05:23 INFO  c.e.e.i.RequestLoggingInterceptor - after-Completion - Request Complete  | URL: /index.html | Time: 9ms | Status: 200
2026-03-13 12:05:23 INFO  c.e.e.i.RequestLoggingInterceptor - Pre-Handle <- Incoming Request | Method: GET | URL: /LoginRegister.html | IP: 0:0:0:0:0:0:0:1
2026-03-13 12:05:23 INFO  c.e.e.i.RequestLoggingInterceptor - Post-Handle -> Response Sent | URL: /LoginRegister.html | Status: 200
2026-03-13 12:05:23 INFO  c.e.e.i.RequestLoggingInterceptor - after-Completion - Request Complete  | URL: /LoginRegister.html | Time: 8ms | Status: 200
2026-03-13 12:05:23 INFO  c.e.e.i.RequestLoggingInterceptor - Pre-Handle <- Incoming Request | Method: GET | URL: /api/v1/reports/auth-summary-data | IP: 0:0:0:0:0:0:0:1
2026-03-13 12:05:23 INFO  c.e.e.i.RequestLoggingInterceptor - Pre-Handle <- Incoming Request | Method: GET | URL: /api/v1/reports/user-roles-data | IP: 0:0:0:0:0:0:0:1
2026-03-13 12:05:23 INFO  c.e.e.i.RequestLoggingInterceptor - Pre-Handle <- Incoming Request | Method: GET | URL: /api/v1/reports/users-data | IP: 0:0:0:0:0:0:0:1
2026-03-13 12:05:23 INFO  c.e.e.i.RequestLoggingInterceptor - Post-Handle -> Response Sent | URL: /api/v1/reports/auth-summary-data | Status: 200
2026-03-13 12:05:23 INFO  c.e.e.i.RequestLoggingInterceptor - after-Completion - Request Complete  | URL: /api/v1/reports/auth-summary-data | Time: 14ms | Status: 200
2026-03-13 12:05:23 INFO  c.e.e.i.RequestLoggingInterceptor - Post-Handle -> Response Sent | URL: /api/v1/reports/user-roles-data | Status: 200
2026-03-13 12:05:23 INFO  c.e.e.i.RequestLoggingInterceptor - Post-Handle -> Response Sent | URL: /api/v1/reports/users-data | Status: 200
2026-03-13 12:05:23 INFO  c.e.e.i.RequestLoggingInterceptor - after-Completion - Request Complete  | URL: /api/v1/reports/user-roles-data | Time: 128ms | Status: 200
2026-03-13 12:05:23 INFO  c.e.e.i.RequestLoggingInterceptor - after-Completion - Request Complete  | URL: /api/v1/reports/users-data | Time: 133ms | Status: 200
2026-03-13 12:09:57 INFO  c.e.e.i.RequestLoggingInterceptor - Pre-Handle <- Incoming Request | Method: GET | URL: /LoginRegister.html | IP: 0:0:0:0:0:0:0:1
2026-03-13 12:09:57 INFO  c.e.e.i.RequestLoggingInterceptor - Post-Handle -> Response Sent | URL: /LoginRegister.html | Status: 200
2026-03-13 12:09:57 INFO  c.e.e.i.RequestLoggingInterceptor - after-Completion - Request Complete  | URL: /LoginRegister.html | Time: 99ms | Status: 200
2026-03-13 12:10:33 INFO  c.e.e.i.RequestLoggingInterceptor - Pre-Handle <- Incoming Request | Method: GET | URL: /LoginRegister.html | IP: 0:0:0:0:0:0:0:1
2026-03-13 12:10:33 INFO  c.e.e.i.RequestLoggingInterceptor - Post-Handle -> Response Sent | URL: /LoginRegister.html | Status: 200
2026-03-13 12:10:33 INFO  c.e.e.i.RequestLoggingInterceptor - after-Completion - Request Complete  | URL: /LoginRegister.html | Time: 35ms | Status: 200
2026-03-13 12:11:39 INFO  c.e.e.i.RequestLoggingInterceptor - Pre-Handle <- Incoming Request | Method: GET | URL: /LoginRegister.html | IP: 0:0:0:0:0:0:0:1
2026-03-13 12:11:39 INFO  c.e.e.i.RequestLoggingInterceptor - Post-Handle -> Response Sent | URL: /LoginRegister.html | Status: 200
2026-03-13 12:11:39 INFO  c.e.e.i.RequestLoggingInterceptor - after-Completion - Request Complete  | URL: /LoginRegister.html | Time: 108ms | Status: 200
2026-03-13 12:11:43 INFO  c.e.e.i.RequestLoggingInterceptor - Pre-Handle <- Incoming Request | Method: POST | URL: /api/v1/auth/login | IP: 0:0:0:0:0:0:0:1
2026-03-13 12:11:46 INFO  c.e.e.i.RequestLoggingInterceptor - after-Completion - Request Complete  | URL: /api/v1/auth/login | Time: 2760ms | Status: 500
2026-03-13 12:12:26 INFO  c.e.e.i.RequestLoggingInterceptor - Pre-Handle <- Incoming Request | Method: POST | URL: /api/v1/auth/login | IP: 0:0:0:0:0:0:0:1
2026-03-13 12:12:27 INFO  c.e.e.i.RequestLoggingInterceptor - after-Completion - Request Complete  | URL: /api/v1/auth/login | Time: 974ms | Status: 500
2026-03-13 12:13:09 INFO  c.e.e.i.RequestLoggingInterceptor - Pre-Handle <- Incoming Request | Method: POST | URL: /api/v1/auth/register | IP: 0:0:0:0:0:0:0:1
2026-03-13 12:13:12 INFO  c.e.e.i.RequestLoggingInterceptor - Post-Handle -> Response Sent | URL: /api/v1/auth/register | Status: 200
2026-03-13 12:13:12 INFO  c.e.e.i.RequestLoggingInterceptor - after-Completion - Request Complete  | URL: /api/v1/auth/register | Time: 2958ms | Status: 200
2026-03-13 12:13:25 INFO  c.e.e.i.RequestLoggingInterceptor - Pre-Handle <- Incoming Request | Method: POST | URL: /api/v1/auth/login | IP: 0:0:0:0:0:0:0:1
2026-03-13 12:13:27 INFO  c.e.e.i.RequestLoggingInterceptor - Post-Handle -> Response Sent | URL: /api/v1/auth/login | Status: 200
2026-03-13 12:13:27 INFO  c.e.e.i.RequestLoggingInterceptor - after-Completion - Request Complete  | URL: /api/v1/auth/login | Time: 1329ms | Status: 200
2026-03-13 12:13:27 INFO  c.e.e.i.RequestLoggingInterceptor - Pre-Handle <- Incoming Request | Method: GET | URL: /index.html | IP: 0:0:0:0:0:0:0:1
2026-03-13 12:13:27 INFO  c.e.e.i.RequestLoggingInterceptor - Post-Handle -> Response Sent | URL: /index.html | Status: 200
2026-03-13 12:13:27 INFO  c.e.e.i.RequestLoggingInterceptor - after-Completion - Request Complete  | URL: /index.html | Time: 110ms | Status: 200
2026-03-13 12:13:27 INFO  c.e.e.i.RequestLoggingInterceptor - Pre-Handle <- Incoming Request | Method: GET | URL: /api/v1/reports/auth-summary-data | IP: 0:0:0:0:0:0:0:1
2026-03-13 12:13:27 INFO  c.e.e.i.RequestLoggingInterceptor - Pre-Handle <- Incoming Request | Method: GET | URL: /api/v1/reports/users-data | IP: 0:0:0:0:0:0:0:1
2026-03-13 12:13:27 INFO  c.e.e.i.RequestLoggingInterceptor - Pre-Handle <- Incoming Request | Method: GET | URL: /api/v1/reports/user-roles-data | IP: 0:0:0:0:0:0:0:1
2026-03-13 12:13:27 INFO  c.e.e.i.RequestLoggingInterceptor - Post-Handle -> Response Sent | URL: /api/v1/reports/auth-summary-data | Status: 200
2026-03-13 12:13:27 INFO  c.e.e.i.RequestLoggingInterceptor - after-Completion - Request Complete  | URL: /api/v1/reports/auth-summary-data | Time: 263ms | Status: 200
2026-03-13 12:13:28 INFO  c.e.e.i.RequestLoggingInterceptor - Post-Handle -> Response Sent | URL: /api/v1/reports/user-roles-data | Status: 200
2026-03-13 12:13:28 INFO  c.e.e.i.RequestLoggingInterceptor - after-Completion - Request Complete  | URL: /api/v1/reports/user-roles-data | Time: 519ms | Status: 200
2026-03-13 12:13:28 INFO  c.e.e.i.RequestLoggingInterceptor - Post-Handle -> Response Sent | URL: /api/v1/reports/users-data | Status: 200
2026-03-13 12:13:28 INFO  c.e.e.i.RequestLoggingInterceptor - after-Completion - Request Complete  | URL: /api/v1/reports/users-data | Time: 612ms | Status: 200
2026-03-13 13:24:32 INFO  c.e.e.i.RequestLoggingInterceptor - Pre-Handle <- Incoming Request | Method: GET | URL: /index.html | IP: 0:0:0:0:0:0:0:1
2026-03-13 13:24:32 INFO  c.e.e.i.RequestLoggingInterceptor - Post-Handle -> Response Sent | URL: /index.html | Status: 200
2026-03-13 13:24:32 INFO  c.e.e.i.RequestLoggingInterceptor - after-Completion - Request Complete  | URL: /index.html | Time: 175ms | Status: 200
2026-03-13 13:24:33 INFO  c.e.e.i.RequestLoggingInterceptor - Pre-Handle <- Incoming Request | Method: GET | URL: /api/v1/reports/auth-summary-data | IP: 0:0:0:0:0:0:0:1
2026-03-13 13:24:33 INFO  c.e.e.i.RequestLoggingInterceptor - Pre-Handle <- Incoming Request | Method: GET | URL: /api/v1/reports/user-roles-data | IP: 0:0:0:0:0:0:0:1
2026-03-13 13:24:33 INFO  c.e.e.i.RequestLoggingInterceptor - Pre-Handle <- Incoming Request | Method: GET | URL: /api/v1/reports/users-data | IP: 0:0:0:0:0:0:0:1
2026-03-13 13:24:34 INFO  c.e.e.i.RequestLoggingInterceptor - Post-Handle -> Response Sent | URL: /api/v1/reports/auth-summary-data | Status: 200
2026-03-13 13:24:34 INFO  c.e.e.i.RequestLoggingInterceptor - after-Completion - Request Complete  | URL: /api/v1/reports/auth-summary-data | Time: 670ms | Status: 200
2026-03-13 13:24:34 INFO  c.e.e.i.RequestLoggingInterceptor - Post-Handle -> Response Sent | URL: /api/v1/reports/user-roles-data | Status: 200
2026-03-13 13:24:34 INFO  c.e.e.i.RequestLoggingInterceptor - after-Completion - Request Complete  | URL: /api/v1/reports/user-roles-data | Time: 925ms | Status: 200
2026-03-13 13:24:34 INFO  c.e.e.i.RequestLoggingInterceptor - Post-Handle -> Response Sent | URL: /api/v1/reports/users-data | Status: 200
2026-03-13 13:24:34 INFO  c.e.e.i.RequestLoggingInterceptor - after-Completion - Request Complete  | URL: /api/v1/reports/users-data | Time: 888ms | Status: 200
2026-03-13 13:24:41 INFO  c.e.e.i.RequestLoggingInterceptor - Pre-Handle <- Incoming Request | Method: GET | URL: /report-all2.html | IP: 0:0:0:0:0:0:0:1
2026-03-13 13:24:41 INFO  c.e.e.i.RequestLoggingInterceptor - Post-Handle -> Response Sent | URL: /report-all2.html | Status: 200
2026-03-13 13:24:41 INFO  c.e.e.i.RequestLoggingInterceptor - after-Completion - Request Complete  | URL: /report-all2.html | Time: 28ms | Status: 200
2026-03-13 13:24:41 INFO  c.e.e.i.RequestLoggingInterceptor - Pre-Handle <- Incoming Request | Method: GET | URL: /api/v1/reports/users-data | IP: 0:0:0:0:0:0:0:1
2026-03-13 13:24:41 INFO  c.e.e.i.RequestLoggingInterceptor - Pre-Handle <- Incoming Request | Method: GET | URL: /api/v1/reports/user-roles-data | IP: 0:0:0:0:0:0:0:1
2026-03-13 13:24:41 INFO  c.e.e.i.RequestLoggingInterceptor - Pre-Handle <- Incoming Request | Method: GET | URL: /api/v1/reports/auth-summary-data | IP: 0:0:0:0:0:0:0:1
2026-03-13 13:24:41 INFO  c.e.e.i.RequestLoggingInterceptor - after-Completion - Request Complete  | URL: /api/v1/reports/auth-summary-data | Time: 14ms | Status: 429
2026-03-13 13:24:41 INFO  c.e.e.i.RequestLoggingInterceptor - Post-Handle -> Response Sent | URL: /api/v1/reports/user-roles-data | Status: 200
2026-03-13 13:24:41 INFO  c.e.e.i.RequestLoggingInterceptor - Post-Handle -> Response Sent | URL: /api/v1/reports/users-data | Status: 200
2026-03-13 13:24:41 INFO  c.e.e.i.RequestLoggingInterceptor - after-Completion - Request Complete  | URL: /api/v1/reports/user-roles-data | Time: 207ms | Status: 200
2026-03-13 13:24:41 INFO  c.e.e.i.RequestLoggingInterceptor - after-Completion - Request Complete  | URL: /api/v1/reports/users-data | Time: 215ms | Status: 200
2026-03-13 14:27:31 INFO  c.e.e.i.RequestLoggingInterceptor - Pre-Handle <- Incoming Request | Method: GET | URL: /report-all3.html | IP: 0:0:0:0:0:0:0:1
2026-03-13 14:27:31 INFO  c.e.e.i.RequestLoggingInterceptor - Post-Handle -> Response Sent | URL: /report-all3.html | Status: 200
2026-03-13 14:27:31 INFO  c.e.e.i.RequestLoggingInterceptor - after-Completion - Request Complete  | URL: /report-all3.html | Time: 288ms | Status: 200
2026-03-13 14:27:32 INFO  c.e.e.i.RequestLoggingInterceptor - Pre-Handle <- Incoming Request | Method: GET | URL: /api/v1/reports/user-roles-data | IP: 0:0:0:0:0:0:0:1
2026-03-13 14:27:32 INFO  c.e.e.i.RequestLoggingInterceptor - Pre-Handle <- Incoming Request | Method: GET | URL: /api/v1/reports/users-data | IP: 0:0:0:0:0:0:0:1
2026-03-13 14:27:32 INFO  c.e.e.i.RequestLoggingInterceptor - Pre-Handle <- Incoming Request | Method: GET | URL: /api/v1/reports/auth-summary-data | IP: 0:0:0:0:0:0:0:1
2026-03-13 14:27:32 INFO  c.e.e.i.RequestLoggingInterceptor - Post-Handle -> Response Sent | URL: /api/v1/reports/auth-summary-data | Status: 200
2026-03-13 14:27:32 INFO  c.e.e.i.RequestLoggingInterceptor - after-Completion - Request Complete  | URL: /api/v1/reports/auth-summary-data | Time: 278ms | Status: 200
2026-03-13 14:27:33 INFO  c.e.e.i.RequestLoggingInterceptor - Post-Handle -> Response Sent | URL: /api/v1/reports/user-roles-data | Status: 200
2026-03-13 14:27:33 INFO  c.e.e.i.RequestLoggingInterceptor - after-Completion - Request Complete  | URL: /api/v1/reports/user-roles-data | Time: 524ms | Status: 200
2026-03-13 14:27:33 INFO  c.e.e.i.RequestLoggingInterceptor - Post-Handle -> Response Sent | URL: /api/v1/reports/users-data | Status: 200
2026-03-13 14:27:33 INFO  c.e.e.i.RequestLoggingInterceptor - after-Completion - Request Complete  | URL: /api/v1/reports/users-data | Time: 547ms | Status: 200
