2026-03-15 12:02:37 INFO  c.e.e.i.RequestLoggingInterceptor - Pre-Handle <- Incoming Request | Method: GET | URL: /index.html | IP: 0:0:0:0:0:0:0:1
2026-03-15 12:02:37 INFO  c.e.e.i.RequestLoggingInterceptor - Post-Handle -> Response Sent | URL: /index.html | Status: 200
2026-03-15 12:02:37 INFO  c.e.e.i.RequestLoggingInterceptor - after-Completion - Request Complete  | URL: /index.html | Time: 154ms | Status: 200
2026-03-15 12:02:37 INFO  c.e.e.i.RequestLoggingInterceptor - Pre-Handle <- Incoming Request | Method: GET | URL: /api/v1/reports/users-data | IP: 0:0:0:0:0:0:0:1
2026-03-15 12:02:37 INFO  c.e.e.i.RequestLoggingInterceptor - Pre-Handle <- Incoming Request | Method: GET | URL: /api/v1/reports/user-roles-data | IP: 0:0:0:0:0:0:0:1
2026-03-15 12:02:37 INFO  c.e.e.i.RequestLoggingInterceptor - Pre-Handle <- Incoming Request | Method: GET | URL: /api/v1/reports/auth-summary-data | IP: 0:0:0:0:0:0:0:1
2026-03-15 12:02:38 INFO  c.e.e.i.RequestLoggingInterceptor - Post-Handle -> Response Sent | URL: /api/v1/reports/auth-summary-data | Status: 200
2026-03-15 12:02:38 INFO  c.e.e.i.RequestLoggingInterceptor - after-Completion - Request Complete  | URL: /api/v1/reports/auth-summary-data | Time: 299ms | Status: 200
2026-03-15 12:02:38 INFO  c.e.e.i.RequestLoggingInterceptor - after-Completion - Request Complete  | URL: /api/v1/reports/users-data | Time: 427ms | Status: 500
2026-03-15 12:02:38 INFO  c.e.e.i.RequestLoggingInterceptor - after-Completion - Request Complete  | URL: /api/v1/reports/user-roles-data | Time: 540ms | Status: 500
2026-03-15 12:02:39 INFO  c.e.e.i.RequestLoggingInterceptor - Pre-Handle <- Incoming Request | Method: GET | URL: /LoginRegister.html | IP: 0:0:0:0:0:0:0:1
2026-03-15 12:02:39 INFO  c.e.e.i.RequestLoggingInterceptor - Post-Handle -> Response Sent | URL: /LoginRegister.html | Status: 200
2026-03-15 12:02:39 INFO  c.e.e.i.RequestLoggingInterceptor - after-Completion - Request Complete  | URL: /LoginRegister.html | Time: 38ms | Status: 200
2026-03-15 12:02:49 INFO  c.e.e.i.RequestLoggingInterceptor - Pre-Handle <- Incoming Request | Method: POST | URL: /api/v1/auth/login | IP: 0:0:0:0:0:0:0:1
2026-03-15 12:02:52 INFO  c.e.e.i.RequestLoggingInterceptor - after-Completion - Request Complete  | URL: /api/v1/auth/login | Time: 2954ms | Status: 500
2026-03-15 12:03:00 INFO  c.e.e.i.RequestLoggingInterceptor - Pre-Handle <- Incoming Request | Method: POST | URL: /api/v1/auth/login | IP: 0:0:0:0:0:0:0:1
2026-03-15 12:03:03 INFO  c.e.e.i.RequestLoggingInterceptor - Post-Handle -> Response Sent | URL: /api/v1/auth/login | Status: 200
2026-03-15 12:03:03 INFO  c.e.e.i.RequestLoggingInterceptor - after-Completion - Request Complete  | URL: /api/v1/auth/login | Time: 3059ms | Status: 200
2026-03-15 12:03:03 INFO  c.e.e.i.RequestLoggingInterceptor - Pre-Handle <- Incoming Request | Method: GET | URL: /index.html | IP: 0:0:0:0:0:0:0:1
2026-03-15 12:03:03 INFO  c.e.e.i.RequestLoggingInterceptor - Post-Handle -> Response Sent | URL: /index.html | Status: 200
2026-03-15 12:03:03 INFO  c.e.e.i.RequestLoggingInterceptor - after-Completion - Request Complete  | URL: /index.html | Time: 16ms | Status: 200
2026-03-15 12:03:04 INFO  c.e.e.i.RequestLoggingInterceptor - Pre-Handle <- Incoming Request | Method: GET | URL: /api/v1/reports/users-data | IP: 0:0:0:0:0:0:0:1
2026-03-15 12:03:04 INFO  c.e.e.i.RequestLoggingInterceptor - Pre-Handle <- Incoming Request | Method: GET | URL: /api/v1/reports/auth-summary-data | IP: 0:0:0:0:0:0:0:1
2026-03-15 12:03:04 INFO  c.e.e.i.RequestLoggingInterceptor - after-Completion - Request Complete  | URL: /api/v1/reports/users-data | Time: 82ms | Status: 500
2026-03-15 12:03:04 INFO  c.e.e.i.RequestLoggingInterceptor - Pre-Handle <- Incoming Request | Method: GET | URL: /api/v1/reports/user-roles-data | IP: 0:0:0:0:0:0:0:1
2026-03-15 12:03:04 INFO  c.e.e.i.RequestLoggingInterceptor - Post-Handle -> Response Sent | URL: /api/v1/reports/auth-summary-data | Status: 200
2026-03-15 12:03:04 INFO  c.e.e.i.RequestLoggingInterceptor - after-Completion - Request Complete  | URL: /api/v1/reports/auth-summary-data | Time: 216ms | Status: 200
2026-03-15 12:03:04 INFO  c.e.e.i.RequestLoggingInterceptor - after-Completion - Request Complete  | URL: /api/v1/reports/user-roles-data | Time: 244ms | Status: 500
2026-03-15 12:15:03 INFO  c.e.e.i.RequestLoggingInterceptor - Pre-Handle <- Incoming Request | Method: GET | URL: /LoginRegister.html | IP: 0:0:0:0:0:0:0:1
2026-03-15 12:15:03 INFO  c.e.e.i.RequestLoggingInterceptor - Post-Handle -> Response Sent | URL: /LoginRegister.html | Status: 200
2026-03-15 12:15:03 INFO  c.e.e.i.RequestLoggingInterceptor - after-Completion - Request Complete  | URL: /LoginRegister.html | Time: 162ms | Status: 200
2026-03-15 12:15:19 INFO  c.e.e.i.RequestLoggingInterceptor - Pre-Handle <- Incoming Request | Method: POST | URL: /api/v1/auth/login | IP: 0:0:0:0:0:0:0:1
2026-03-15 12:15:21 INFO  c.e.e.i.RequestLoggingInterceptor - Post-Handle -> Response Sent | URL: /api/v1/auth/login | Status: 200
2026-03-15 12:15:21 INFO  c.e.e.i.RequestLoggingInterceptor - after-Completion - Request Complete  | URL: /api/v1/auth/login | Time: 2137ms | Status: 200
2026-03-15 12:15:21 INFO  c.e.e.i.RequestLoggingInterceptor - Pre-Handle <- Incoming Request | Method: GET | URL: /index.html | IP: 0:0:0:0:0:0:0:1
2026-03-15 12:15:22 INFO  c.e.e.i.RequestLoggingInterceptor - Post-Handle -> Response Sent | URL: /index.html | Status: 200
2026-03-15 12:15:22 INFO  c.e.e.i.RequestLoggingInterceptor - after-Completion - Request Complete  | URL: /index.html | Time: 111ms | Status: 200
2026-03-15 12:15:22 INFO  c.e.e.i.RequestLoggingInterceptor - Pre-Handle <- Incoming Request | Method: GET | URL: /api/v1/reports/auth-summary-data | IP: 0:0:0:0:0:0:0:1
2026-03-15 12:15:22 INFO  c.e.e.i.RequestLoggingInterceptor - Pre-Handle <- Incoming Request | Method: GET | URL: /api/v1/reports/user-roles-data | IP: 0:0:0:0:0:0:0:1
2026-03-15 12:15:22 INFO  c.e.e.i.RequestLoggingInterceptor - Pre-Handle <- Incoming Request | Method: GET | URL: /api/v1/reports/users-data | IP: 0:0:0:0:0:0:0:1
2026-03-15 12:15:22 INFO  c.e.e.i.RequestLoggingInterceptor - after-Completion - Request Complete  | URL: /api/v1/reports/users-data | Time: 145ms | Status: 500
2026-03-15 12:15:22 INFO  c.e.e.i.RequestLoggingInterceptor - Post-Handle -> Response Sent | URL: /api/v1/reports/auth-summary-data | Status: 200
2026-03-15 12:15:22 INFO  c.e.e.i.RequestLoggingInterceptor - after-Completion - Request Complete  | URL: /api/v1/reports/auth-summary-data | Time: 253ms | Status: 200
2026-03-15 12:15:22 INFO  c.e.e.i.RequestLoggingInterceptor - Post-Handle -> Response Sent | URL: /api/v1/reports/user-roles-data | Status: 200
2026-03-15 12:15:22 INFO  c.e.e.i.RequestLoggingInterceptor - after-Completion - Request Complete  | URL: /api/v1/reports/user-roles-data | Time: 324ms | Status: 200
2026-03-15 12:19:21 INFO  c.e.e.i.RequestLoggingInterceptor - Pre-Handle <- Incoming Request | Method: GET | URL: /LoginRegister.html | IP: 0:0:0:0:0:0:0:1
2026-03-15 12:19:21 INFO  c.e.e.i.RequestLoggingInterceptor - Post-Handle -> Response Sent | URL: /LoginRegister.html | Status: 200
2026-03-15 12:19:21 INFO  c.e.e.i.RequestLoggingInterceptor - after-Completion - Request Complete  | URL: /LoginRegister.html | Time: 139ms | Status: 200
2026-03-15 12:19:36 INFO  c.e.e.i.RequestLoggingInterceptor - Pre-Handle <- Incoming Request | Method: POST | URL: /api/v1/auth/login | IP: 0:0:0:0:0:0:0:1
2026-03-15 12:19:38 INFO  c.e.e.i.RequestLoggingInterceptor - Post-Handle -> Response Sent | URL: /api/v1/auth/login | Status: 200
2026-03-15 12:19:38 INFO  c.e.e.i.RequestLoggingInterceptor - after-Completion - Request Complete  | URL: /api/v1/auth/login | Time: 1841ms | Status: 200
2026-03-15 12:19:38 INFO  c.e.e.i.RequestLoggingInterceptor - Pre-Handle <- Incoming Request | Method: GET | URL: /index.html | IP: 0:0:0:0:0:0:0:1
2026-03-15 12:19:38 INFO  c.e.e.i.RequestLoggingInterceptor - Post-Handle -> Response Sent | URL: /index.html | Status: 200
2026-03-15 12:19:38 INFO  c.e.e.i.RequestLoggingInterceptor - after-Completion - Request Complete  | URL: /index.html | Time: 143ms | Status: 200
2026-03-15 12:19:38 INFO  c.e.e.i.RequestLoggingInterceptor - Pre-Handle <- Incoming Request | Method: GET | URL: /api/v1/reports/auth-summary-data | IP: 0:0:0:0:0:0:0:1
2026-03-15 12:19:38 INFO  c.e.e.i.RequestLoggingInterceptor - Pre-Handle <- Incoming Request | Method: GET | URL: /api/v1/reports/users-data | IP: 0:0:0:0:0:0:0:1
2026-03-15 12:19:38 INFO  c.e.e.i.RequestLoggingInterceptor - Pre-Handle <- Incoming Request | Method: GET | URL: /api/v1/reports/user-roles-data | IP: 0:0:0:0:0:0:0:1
2026-03-15 12:19:39 INFO  c.e.e.i.RequestLoggingInterceptor - Post-Handle -> Response Sent | URL: /api/v1/reports/auth-summary-data | Status: 200
2026-03-15 12:19:39 INFO  c.e.e.i.RequestLoggingInterceptor - after-Completion - Request Complete  | URL: /api/v1/reports/auth-summary-data | Time: 288ms | Status: 200
2026-03-15 12:19:39 INFO  c.e.e.i.RequestLoggingInterceptor - Post-Handle -> Response Sent | URL: /api/v1/reports/users-data | Status: 200
2026-03-15 12:19:39 INFO  c.e.e.i.RequestLoggingInterceptor - Post-Handle -> Response Sent | URL: /api/v1/reports/user-roles-data | Status: 200
2026-03-15 12:19:39 INFO  c.e.e.i.RequestLoggingInterceptor - after-Completion - Request Complete  | URL: /api/v1/reports/users-data | Time: 430ms | Status: 200
2026-03-15 12:19:39 INFO  c.e.e.i.RequestLoggingInterceptor - after-Completion - Request Complete  | URL: /api/v1/reports/user-roles-data | Time: 442ms | Status: 200
2026-03-15 12:21:36 INFO  c.e.e.i.RequestLoggingInterceptor - Pre-Handle <- Incoming Request | Method: GET | URL: /report-all3.html | IP: 0:0:0:0:0:0:0:1
2026-03-15 12:21:36 INFO  c.e.e.i.RequestLoggingInterceptor - Post-Handle -> Response Sent | URL: /report-all3.html | Status: 200
2026-03-15 12:21:36 INFO  c.e.e.i.RequestLoggingInterceptor - after-Completion - Request Complete  | URL: /report-all3.html | Time: 108ms | Status: 200
2026-03-15 12:21:36 INFO  c.e.e.i.RequestLoggingInterceptor - Pre-Handle <- Incoming Request | Method: GET | URL: /api/v1/reports/users-data | IP: 0:0:0:0:0:0:0:1
2026-03-15 12:21:36 INFO  c.e.e.i.RequestLoggingInterceptor - Pre-Handle <- Incoming Request | Method: GET | URL: /api/v1/reports/auth-summary-data | IP: 0:0:0:0:0:0:0:1
2026-03-15 12:21:36 INFO  c.e.e.i.RequestLoggingInterceptor - Post-Handle -> Response Sent | URL: /api/v1/reports/auth-summary-data | Status: 200
2026-03-15 12:21:36 INFO  c.e.e.i.RequestLoggingInterceptor - after-Completion - Request Complete  | URL: /api/v1/reports/auth-summary-data | Time: 30ms | Status: 200
2026-03-15 12:21:36 INFO  c.e.e.i.RequestLoggingInterceptor - Pre-Handle <- Incoming Request | Method: GET | URL: /api/v1/reports/user-roles-data | IP: 0:0:0:0:0:0:0:1
2026-03-15 12:21:36 INFO  c.e.e.i.RequestLoggingInterceptor - Post-Handle -> Response Sent | URL: /api/v1/reports/users-data | Status: 200
2026-03-15 12:21:36 INFO  c.e.e.i.RequestLoggingInterceptor - after-Completion - Request Complete  | URL: /api/v1/reports/users-data | Time: 102ms | Status: 200
2026-03-15 12:21:36 INFO  c.e.e.i.RequestLoggingInterceptor - Post-Handle -> Response Sent | URL: /api/v1/reports/user-roles-data | Status: 200
2026-03-15 12:21:36 INFO  c.e.e.i.RequestLoggingInterceptor - after-Completion - Request Complete  | URL: /api/v1/reports/user-roles-data | Time: 123ms | Status: 200
2026-03-15 12:24:41 INFO  c.e.e.i.RequestLoggingInterceptor - Pre-Handle <- Incoming Request | Method: GET | URL: /LoginRegister.html | IP: 0:0:0:0:0:0:0:1
2026-03-15 12:24:41 INFO  c.e.e.i.RequestLoggingInterceptor - Post-Handle -> Response Sent | URL: /LoginRegister.html | Status: 200
2026-03-15 12:24:41 INFO  c.e.e.i.RequestLoggingInterceptor - after-Completion - Request Complete  | URL: /LoginRegister.html | Time: 41ms | Status: 200
2026-03-15 12:24:53 INFO  c.e.e.i.RequestLoggingInterceptor - Pre-Handle <- Incoming Request | Method: POST | URL: /api/v1/auth/login | IP: 0:0:0:0:0:0:0:1
2026-03-15 12:24:55 INFO  c.e.e.i.RequestLoggingInterceptor - Post-Handle -> Response Sent | URL: /api/v1/auth/login | Status: 200
2026-03-15 12:24:55 INFO  c.e.e.i.RequestLoggingInterceptor - after-Completion - Request Complete  | URL: /api/v1/auth/login | Time: 2436ms | Status: 200
2026-03-15 12:24:55 INFO  c.e.e.i.RequestLoggingInterceptor - Pre-Handle <- Incoming Request | Method: GET | URL: /index.html | IP: 0:0:0:0:0:0:0:1
2026-03-15 12:24:56 INFO  c.e.e.i.RequestLoggingInterceptor - Post-Handle -> Response Sent | URL: /index.html | Status: 200
2026-03-15 12:24:56 INFO  c.e.e.i.RequestLoggingInterceptor - after-Completion - Request Complete  | URL: /index.html | Time: 102ms | Status: 200
2026-03-15 12:24:56 INFO  c.e.e.i.RequestLoggingInterceptor - Pre-Handle <- Incoming Request | Method: GET | URL: /api/v1/reports/users-data | IP: 0:0:0:0:0:0:0:1
2026-03-15 12:24:56 INFO  c.e.e.i.RequestLoggingInterceptor - Pre-Handle <- Incoming Request | Method: GET | URL: /api/v1/reports/user-roles-data | IP: 0:0:0:0:0:0:0:1
2026-03-15 12:24:56 INFO  c.e.e.i.RequestLoggingInterceptor - Pre-Handle <- Incoming Request | Method: GET | URL: /api/v1/reports/auth-summary-data | IP: 0:0:0:0:0:0:0:1
2026-03-15 12:24:56 INFO  c.e.e.i.RequestLoggingInterceptor - Post-Handle -> Response Sent | URL: /api/v1/reports/auth-summary-data | Status: 200
2026-03-15 12:24:56 INFO  c.e.e.i.RequestLoggingInterceptor - after-Completion - Request Complete  | URL: /api/v1/reports/auth-summary-data | Time: 248ms | Status: 200
2026-03-15 12:24:56 INFO  c.e.e.i.RequestLoggingInterceptor - Post-Handle -> Response Sent | URL: /api/v1/reports/users-data | Status: 200
2026-03-15 12:24:56 INFO  c.e.e.i.RequestLoggingInterceptor - after-Completion - Request Complete  | URL: /api/v1/reports/users-data | Time: 308ms | Status: 200
2026-03-15 12:24:56 INFO  c.e.e.i.RequestLoggingInterceptor - Post-Handle -> Response Sent | URL: /api/v1/reports/user-roles-data | Status: 200
2026-03-15 12:24:56 INFO  c.e.e.i.RequestLoggingInterceptor - after-Completion - Request Complete  | URL: /api/v1/reports/user-roles-data | Time: 310ms | Status: 200
2026-03-15 12:27:30 INFO  c.e.e.i.RequestLoggingInterceptor - Pre-Handle <- Incoming Request | Method: GET | URL: /LoginRegister.html | IP: 0:0:0:0:0:0:0:1
2026-03-15 12:27:30 INFO  c.e.e.i.RequestLoggingInterceptor - Post-Handle -> Response Sent | URL: /LoginRegister.html | Status: 200
2026-03-15 12:27:30 INFO  c.e.e.i.RequestLoggingInterceptor - after-Completion - Request Complete  | URL: /LoginRegister.html | Time: 28ms | Status: 200
2026-03-15 12:27:43 INFO  c.e.e.i.RequestLoggingInterceptor - Pre-Handle <- Incoming Request | Method: POST | URL: /api/v1/auth/login | IP: 0:0:0:0:0:0:0:1
2026-03-15 12:27:46 INFO  c.e.e.i.RequestLoggingInterceptor - Post-Handle -> Response Sent | URL: /api/v1/auth/login | Status: 200
2026-03-15 12:27:46 INFO  c.e.e.i.RequestLoggingInterceptor - after-Completion - Request Complete  | URL: /api/v1/auth/login | Time: 2684ms | Status: 200
2026-03-15 12:27:46 INFO  c.e.e.i.RequestLoggingInterceptor - Pre-Handle <- Incoming Request | Method: GET | URL: /index.html | IP: 0:0:0:0:0:0:0:1
2026-03-15 12:27:46 INFO  c.e.e.i.RequestLoggingInterceptor - Post-Handle -> Response Sent | URL: /index.html | Status: 200
2026-03-15 12:27:46 INFO  c.e.e.i.RequestLoggingInterceptor - after-Completion - Request Complete  | URL: /index.html | Time: 5ms | Status: 200
2026-03-15 12:27:46 INFO  c.e.e.i.RequestLoggingInterceptor - Pre-Handle <- Incoming Request | Method: GET | URL: /api/v1/reports/users-data | IP: 0:0:0:0:0:0:0:1
2026-03-15 12:27:46 INFO  c.e.e.i.RequestLoggingInterceptor - Pre-Handle <- Incoming Request | Method: GET | URL: /api/v1/reports/auth-summary-data | IP: 0:0:0:0:0:0:0:1
2026-03-15 12:27:46 INFO  c.e.e.i.RequestLoggingInterceptor - Pre-Handle <- Incoming Request | Method: GET | URL: /api/v1/reports/user-roles-data | IP: 0:0:0:0:0:0:0:1
2026-03-15 12:27:46 INFO  c.e.e.i.RequestLoggingInterceptor - Post-Handle -> Response Sent | URL: /api/v1/reports/auth-summary-data | Status: 200
2026-03-15 12:27:46 INFO  c.e.e.i.RequestLoggingInterceptor - after-Completion - Request Complete  | URL: /api/v1/reports/auth-summary-data | Time: 194ms | Status: 200
2026-03-15 12:27:46 INFO  c.e.e.i.RequestLoggingInterceptor - Post-Handle -> Response Sent | URL: /api/v1/reports/users-data | Status: 200
2026-03-15 12:27:46 INFO  c.e.e.i.RequestLoggingInterceptor - after-Completion - Request Complete  | URL: /api/v1/reports/users-data | Time: 291ms | Status: 200
2026-03-15 12:27:46 INFO  c.e.e.i.RequestLoggingInterceptor - Post-Handle -> Response Sent | URL: /api/v1/reports/user-roles-data | Status: 200
2026-03-15 12:27:46 INFO  c.e.e.i.RequestLoggingInterceptor - after-Completion - Request Complete  | URL: /api/v1/reports/user-roles-data | Time: 284ms | Status: 200
2026-03-15 12:30:44 INFO  c.e.e.i.RequestLoggingInterceptor - Pre-Handle <- Incoming Request | Method: GET | URL: /LoginRegister.html | IP: 0:0:0:0:0:0:0:1
2026-03-15 12:30:44 INFO  c.e.e.i.RequestLoggingInterceptor - Post-Handle -> Response Sent | URL: /LoginRegister.html | Status: 200
2026-03-15 12:30:44 INFO  c.e.e.i.RequestLoggingInterceptor - after-Completion - Request Complete  | URL: /LoginRegister.html | Time: 17ms | Status: 200
2026-03-15 12:30:55 INFO  c.e.e.i.RequestLoggingInterceptor - Pre-Handle <- Incoming Request | Method: POST | URL: /api/v1/auth/login | IP: 0:0:0:0:0:0:0:1
2026-03-15 12:30:58 INFO  c.e.e.i.RequestLoggingInterceptor - Post-Handle -> Response Sent | URL: /api/v1/auth/login | Status: 200
2026-03-15 12:30:58 INFO  c.e.e.i.RequestLoggingInterceptor - after-Completion - Request Complete  | URL: /api/v1/auth/login | Time: 2662ms | Status: 200
2026-03-15 12:30:58 INFO  c.e.e.i.RequestLoggingInterceptor - Pre-Handle <- Incoming Request | Method: GET | URL: /index.html | IP: 0:0:0:0:0:0:0:1
2026-03-15 12:30:58 INFO  c.e.e.i.RequestLoggingInterceptor - Post-Handle -> Response Sent | URL: /index.html | Status: 200
2026-03-15 12:30:58 INFO  c.e.e.i.RequestLoggingInterceptor - after-Completion - Request Complete  | URL: /index.html | Time: 110ms | Status: 200
2026-03-15 12:30:58 INFO  c.e.e.i.RequestLoggingInterceptor - Pre-Handle <- Incoming Request | Method: GET | URL: /api/v1/reports/users-data | IP: 0:0:0:0:0:0:0:1
2026-03-15 12:30:58 INFO  c.e.e.i.RequestLoggingInterceptor - Pre-Handle <- Incoming Request | Method: GET | URL: /api/v1/reports/user-roles-data | IP: 0:0:0:0:0:0:0:1
2026-03-15 12:30:58 INFO  c.e.e.i.RequestLoggingInterceptor - Pre-Handle <- Incoming Request | Method: GET | URL: /api/v1/reports/auth-summary-data | IP: 0:0:0:0:0:0:0:1
2026-03-15 12:30:58 INFO  c.e.e.i.RequestLoggingInterceptor - Post-Handle -> Response Sent | URL: /api/v1/reports/auth-summary-data | Status: 200
2026-03-15 12:30:58 INFO  c.e.e.i.RequestLoggingInterceptor - after-Completion - Request Complete  | URL: /api/v1/reports/auth-summary-data | Time: 180ms | Status: 200
2026-03-15 12:30:58 INFO  c.e.e.i.RequestLoggingInterceptor - Post-Handle -> Response Sent | URL: /api/v1/reports/users-data | Status: 200
2026-03-15 12:30:58 INFO  c.e.e.i.RequestLoggingInterceptor - after-Completion - Request Complete  | URL: /api/v1/reports/users-data | Time: 236ms | Status: 200
2026-03-15 12:30:58 INFO  c.e.e.i.RequestLoggingInterceptor - Post-Handle -> Response Sent | URL: /api/v1/reports/user-roles-data | Status: 200
2026-03-15 12:30:58 INFO  c.e.e.i.RequestLoggingInterceptor - after-Completion - Request Complete  | URL: /api/v1/reports/user-roles-data | Time: 234ms | Status: 200
2026-03-15 12:31:17 INFO  c.e.e.i.RequestLoggingInterceptor - Pre-Handle <- Incoming Request | Method: GET | URL: /LoginRegister.html | IP: 0:0:0:0:0:0:0:1
2026-03-15 12:31:17 INFO  c.e.e.i.RequestLoggingInterceptor - Post-Handle -> Response Sent | URL: /LoginRegister.html | Status: 200
2026-03-15 12:31:17 INFO  c.e.e.i.RequestLoggingInterceptor - after-Completion - Request Complete  | URL: /LoginRegister.html | Time: 9ms | Status: 200
2026-03-15 12:31:30 INFO  c.e.e.i.RequestLoggingInterceptor - Pre-Handle <- Incoming Request | Method: POST | URL: /api/v1/auth/login | IP: 0:0:0:0:0:0:0:1
2026-03-15 12:31:31 INFO  c.e.e.i.RequestLoggingInterceptor - Post-Handle -> Response Sent | URL: /api/v1/auth/login | Status: 200
2026-03-15 12:31:31 INFO  c.e.e.i.RequestLoggingInterceptor - after-Completion - Request Complete  | URL: /api/v1/auth/login | Time: 848ms | Status: 200
2026-03-15 12:31:31 INFO  c.e.e.i.RequestLoggingInterceptor - Pre-Handle <- Incoming Request | Method: GET | URL: /index.html | IP: 0:0:0:0:0:0:0:1
2026-03-15 12:31:31 INFO  c.e.e.i.RequestLoggingInterceptor - Post-Handle -> Response Sent | URL: /index.html | Status: 200
2026-03-15 12:31:31 INFO  c.e.e.i.RequestLoggingInterceptor - after-Completion - Request Complete  | URL: /index.html | Time: 37ms | Status: 200
2026-03-15 12:31:31 INFO  c.e.e.i.RequestLoggingInterceptor - Pre-Handle <- Incoming Request | Method: GET | URL: /api/v1/reports/auth-summary-data | IP: 0:0:0:0:0:0:0:1
2026-03-15 12:31:31 INFO  c.e.e.i.RequestLoggingInterceptor - Pre-Handle <- Incoming Request | Method: GET | URL: /api/v1/reports/users-data | IP: 0:0:0:0:0:0:0:1
2026-03-15 12:31:31 INFO  c.e.e.i.RequestLoggingInterceptor - Post-Handle -> Response Sent | URL: /api/v1/reports/auth-summary-data | Status: 200
2026-03-15 12:31:31 INFO  c.e.e.i.RequestLoggingInterceptor - after-Completion - Request Complete  | URL: /api/v1/reports/auth-summary-data | Time: 36ms | Status: 200
2026-03-15 12:31:31 INFO  c.e.e.i.RequestLoggingInterceptor - Pre-Handle <- Incoming Request | Method: GET | URL: /api/v1/reports/user-roles-data | IP: 0:0:0:0:0:0:0:1
2026-03-15 12:31:31 INFO  c.e.e.i.RequestLoggingInterceptor - Post-Handle -> Response Sent | URL: /api/v1/reports/users-data | Status: 200
2026-03-15 12:31:31 INFO  c.e.e.i.RequestLoggingInterceptor - after-Completion - Request Complete  | URL: /api/v1/reports/users-data | Time: 150ms | Status: 200
2026-03-15 12:31:32 INFO  c.e.e.i.RequestLoggingInterceptor - Post-Handle -> Response Sent | URL: /api/v1/reports/user-roles-data | Status: 200
2026-03-15 12:31:32 INFO  c.e.e.i.RequestLoggingInterceptor - after-Completion - Request Complete  | URL: /api/v1/reports/user-roles-data | Time: 133ms | Status: 200
2026-03-15 12:36:11 INFO  c.e.e.i.RequestLoggingInterceptor - Pre-Handle <- Incoming Request | Method: GET | URL: /LoginRegister.html | IP: 0:0:0:0:0:0:0:1
2026-03-15 12:36:11 INFO  c.e.e.i.RequestLoggingInterceptor - Post-Handle -> Response Sent | URL: /LoginRegister.html | Status: 200
2026-03-15 12:36:11 INFO  c.e.e.i.RequestLoggingInterceptor - after-Completion - Request Complete  | URL: /LoginRegister.html | Time: 64ms | Status: 200
2026-03-15 12:36:26 INFO  c.e.e.i.RequestLoggingInterceptor - Pre-Handle <- Incoming Request | Method: POST | URL: /api/v1/auth/login | IP: 0:0:0:0:0:0:0:1
2026-03-15 12:36:29 INFO  c.e.e.i.RequestLoggingInterceptor - Post-Handle -> Response Sent | URL: /api/v1/auth/login | Status: 200
2026-03-15 12:36:29 INFO  c.e.e.i.RequestLoggingInterceptor - after-Completion - Request Complete  | URL: /api/v1/auth/login | Time: 3039ms | Status: 200
2026-03-15 12:36:29 INFO  c.e.e.i.RequestLoggingInterceptor - Pre-Handle <- Incoming Request | Method: GET | URL: /index.html | IP: 0:0:0:0:0:0:0:1
2026-03-15 12:36:29 INFO  c.e.e.i.RequestLoggingInterceptor - Post-Handle -> Response Sent | URL: /index.html | Status: 200
2026-03-15 12:36:29 INFO  c.e.e.i.RequestLoggingInterceptor - after-Completion - Request Complete  | URL: /index.html | Time: 36ms | Status: 200
2026-03-15 12:36:29 INFO  c.e.e.i.RequestLoggingInterceptor - Pre-Handle <- Incoming Request | Method: GET | URL: /api/v1/reports/auth-summary-data | IP: 0:0:0:0:0:0:0:1
2026-03-15 12:36:29 INFO  c.e.e.i.RequestLoggingInterceptor - Pre-Handle <- Incoming Request | Method: GET | URL: /api/v1/reports/users-data | IP: 0:0:0:0:0:0:0:1
2026-03-15 12:36:29 INFO  c.e.e.i.RequestLoggingInterceptor - Pre-Handle <- Incoming Request | Method: GET | URL: /api/v1/reports/user-roles-data | IP: 0:0:0:0:0:0:0:1
2026-03-15 12:36:29 INFO  c.e.e.i.RequestLoggingInterceptor - Post-Handle -> Response Sent | URL: /api/v1/reports/auth-summary-data | Status: 200
2026-03-15 12:36:29 INFO  c.e.e.i.RequestLoggingInterceptor - after-Completion - Request Complete  | URL: /api/v1/reports/auth-summary-data | Time: 279ms | Status: 200
2026-03-15 12:36:30 INFO  c.e.e.i.RequestLoggingInterceptor - Post-Handle -> Response Sent | URL: /api/v1/reports/users-data | Status: 200
2026-03-15 12:36:30 INFO  c.e.e.i.RequestLoggingInterceptor - after-Completion - Request Complete  | URL: /api/v1/reports/users-data | Time: 300ms | Status: 200
2026-03-15 12:36:30 INFO  c.e.e.i.RequestLoggingInterceptor - Post-Handle -> Response Sent | URL: /api/v1/reports/user-roles-data | Status: 200
2026-03-15 12:36:30 INFO  c.e.e.i.RequestLoggingInterceptor - after-Completion - Request Complete  | URL: /api/v1/reports/user-roles-data | Time: 298ms | Status: 200
2026-03-15 12:37:00 INFO  c.e.e.i.RequestLoggingInterceptor - Pre-Handle <- Incoming Request | Method: GET | URL: /report-all3.html | IP: 0:0:0:0:0:0:0:1
2026-03-15 12:37:00 INFO  c.e.e.i.RequestLoggingInterceptor - Post-Handle -> Response Sent | URL: /report-all3.html | Status: 200
2026-03-15 12:37:00 INFO  c.e.e.i.RequestLoggingInterceptor - after-Completion - Request Complete  | URL: /report-all3.html | Time: 111ms | Status: 200
2026-03-15 12:37:00 INFO  c.e.e.i.RequestLoggingInterceptor - Pre-Handle <- Incoming Request | Method: GET | URL: /api/v1/reports/auth-summary-data | IP: 0:0:0:0:0:0:0:1
2026-03-15 12:37:00 INFO  c.e.e.i.RequestLoggingInterceptor - Pre-Handle <- Incoming Request | Method: GET | URL: /api/v1/reports/users-data | IP: 0:0:0:0:0:0:0:1
2026-03-15 12:37:00 INFO  c.e.e.i.RequestLoggingInterceptor - Post-Handle -> Response Sent | URL: /api/v1/reports/auth-summary-data | Status: 200
2026-03-15 12:37:00 INFO  c.e.e.i.RequestLoggingInterceptor - after-Completion - Request Complete  | URL: /api/v1/reports/auth-summary-data | Time: 24ms | Status: 200
2026-03-15 12:37:00 INFO  c.e.e.i.RequestLoggingInterceptor - Pre-Handle <- Incoming Request | Method: GET | URL: /api/v1/reports/user-roles-data | IP: 0:0:0:0:0:0:0:1
2026-03-15 12:37:00 INFO  c.e.e.i.RequestLoggingInterceptor - Post-Handle -> Response Sent | URL: /api/v1/reports/users-data | Status: 200
2026-03-15 12:37:00 INFO  c.e.e.i.RequestLoggingInterceptor - after-Completion - Request Complete  | URL: /api/v1/reports/users-data | Time: 124ms | Status: 200
2026-03-15 12:37:00 INFO  c.e.e.i.RequestLoggingInterceptor - Post-Handle -> Response Sent | URL: /api/v1/reports/user-roles-data | Status: 200
2026-03-15 12:37:00 INFO  c.e.e.i.RequestLoggingInterceptor - after-Completion - Request Complete  | URL: /api/v1/reports/user-roles-data | Time: 154ms | Status: 200
2026-03-15 12:47:13 INFO  c.e.e.i.RequestLoggingInterceptor - Pre-Handle <- Incoming Request | Method: GET | URL: /index.html | IP: 0:0:0:0:0:0:0:1
2026-03-15 12:47:13 INFO  c.e.e.i.RequestLoggingInterceptor - Post-Handle -> Response Sent | URL: /index.html | Status: 200
2026-03-15 12:47:13 INFO  c.e.e.i.RequestLoggingInterceptor - after-Completion - Request Complete  | URL: /index.html | Time: 129ms | Status: 200
2026-03-15 12:47:14 INFO  c.e.e.i.RequestLoggingInterceptor - Pre-Handle <- Incoming Request | Method: GET | URL: /api/v1/reports/auth-summary-data | IP: 0:0:0:0:0:0:0:1
2026-03-15 12:47:14 INFO  c.e.e.i.RequestLoggingInterceptor - Pre-Handle <- Incoming Request | Method: GET | URL: /api/v1/reports/users-data | IP: 0:0:0:0:0:0:0:1
2026-03-15 12:47:14 INFO  c.e.e.i.RequestLoggingInterceptor - Pre-Handle <- Incoming Request | Method: GET | URL: /api/v1/reports/user-roles-data | IP: 0:0:0:0:0:0:0:1
2026-03-15 12:47:14 INFO  c.e.e.i.RequestLoggingInterceptor - Post-Handle -> Response Sent | URL: /api/v1/reports/auth-summary-data | Status: 200
2026-03-15 12:47:14 INFO  c.e.e.i.RequestLoggingInterceptor - after-Completion - Request Complete  | URL: /api/v1/reports/auth-summary-data | Time: 376ms | Status: 200
2026-03-15 12:47:14 INFO  c.e.e.i.RequestLoggingInterceptor - Post-Handle -> Response Sent | URL: /api/v1/reports/users-data | Status: 200
2026-03-15 12:47:14 INFO  c.e.e.i.RequestLoggingInterceptor - after-Completion - Request Complete  | URL: /api/v1/reports/users-data | Time: 691ms | Status: 200
2026-03-15 12:47:14 INFO  c.e.e.i.RequestLoggingInterceptor - Post-Handle -> Response Sent | URL: /api/v1/reports/user-roles-data | Status: 200
2026-03-15 12:47:14 INFO  c.e.e.i.RequestLoggingInterceptor - after-Completion - Request Complete  | URL: /api/v1/reports/user-roles-data | Time: 726ms | Status: 200
2026-03-15 12:47:26 INFO  c.e.e.i.RequestLoggingInterceptor - Pre-Handle <- Incoming Request | Method: GET | URL: /LoginRegister.html | IP: 0:0:0:0:0:0:0:1
2026-03-15 12:47:27 INFO  c.e.e.i.RequestLoggingInterceptor - Post-Handle -> Response Sent | URL: /LoginRegister.html | Status: 200
2026-03-15 12:47:27 INFO  c.e.e.i.RequestLoggingInterceptor - after-Completion - Request Complete  | URL: /LoginRegister.html | Time: 116ms | Status: 200
2026-03-15 12:51:53 INFO  c.e.e.i.RequestLoggingInterceptor - Pre-Handle <- Incoming Request | Method: POST | URL: /api/v1/auth/login | IP: 0:0:0:0:0:0:0:1
2026-03-15 12:51:56 INFO  c.e.e.i.RequestLoggingInterceptor - Post-Handle -> Response Sent | URL: /api/v1/auth/login | Status: 200
2026-03-15 12:51:56 INFO  c.e.e.i.RequestLoggingInterceptor - after-Completion - Request Complete  | URL: /api/v1/auth/login | Time: 3253ms | Status: 200
2026-03-15 12:51:56 INFO  c.e.e.i.RequestLoggingInterceptor - Pre-Handle <- Incoming Request | Method: GET | URL: /index.html | IP: 0:0:0:0:0:0:0:1
2026-03-15 12:51:57 INFO  c.e.e.i.RequestLoggingInterceptor - Post-Handle -> Response Sent | URL: /index.html | Status: 200
2026-03-15 12:51:57 INFO  c.e.e.i.RequestLoggingInterceptor - after-Completion - Request Complete  | URL: /index.html | Time: 156ms | Status: 200
2026-03-15 12:51:57 INFO  c.e.e.i.RequestLoggingInterceptor - Pre-Handle <- Incoming Request | Method: GET | URL: /api/v1/reports/users-data | IP: 0:0:0:0:0:0:0:1
2026-03-15 12:51:57 INFO  c.e.e.i.RequestLoggingInterceptor - Pre-Handle <- Incoming Request | Method: GET | URL: /api/v1/reports/user-roles-data | IP: 0:0:0:0:0:0:0:1
2026-03-15 12:51:57 INFO  c.e.e.i.RequestLoggingInterceptor - Pre-Handle <- Incoming Request | Method: GET | URL: /api/v1/reports/auth-summary-data | IP: 0:0:0:0:0:0:0:1
2026-03-15 12:51:57 INFO  c.e.e.i.RequestLoggingInterceptor - Post-Handle -> Response Sent | URL: /api/v1/reports/auth-summary-data | Status: 200
2026-03-15 12:51:57 INFO  c.e.e.i.RequestLoggingInterceptor - after-Completion - Request Complete  | URL: /api/v1/reports/auth-summary-data | Time: 96ms | Status: 200
2026-03-15 12:51:57 INFO  c.e.e.i.RequestLoggingInterceptor - Post-Handle -> Response Sent | URL: /api/v1/reports/user-roles-data | Status: 200
2026-03-15 12:51:57 INFO  c.e.e.i.RequestLoggingInterceptor - Post-Handle -> Response Sent | URL: /api/v1/reports/users-data | Status: 200
2026-03-15 12:51:57 INFO  c.e.e.i.RequestLoggingInterceptor - after-Completion - Request Complete  | URL: /api/v1/reports/users-data | Time: 224ms | Status: 200
2026-03-15 12:51:57 INFO  c.e.e.i.RequestLoggingInterceptor - after-Completion - Request Complete  | URL: /api/v1/reports/user-roles-data | Time: 224ms | Status: 200
2026-03-15 12:52:18 INFO  c.e.e.i.RequestLoggingInterceptor - Pre-Handle <- Incoming Request | Method: GET | URL: /report-all3.html | IP: 0:0:0:0:0:0:0:1
2026-03-15 12:52:18 INFO  c.e.e.i.RequestLoggingInterceptor - Post-Handle -> Response Sent | URL: /report-all3.html | Status: 200
2026-03-15 12:52:18 INFO  c.e.e.i.RequestLoggingInterceptor - after-Completion - Request Complete  | URL: /report-all3.html | Time: 182ms | Status: 200
2026-03-15 12:52:19 INFO  c.e.e.i.RequestLoggingInterceptor - Pre-Handle <- Incoming Request | Method: GET | URL: /api/v1/reports/auth-summary-data | IP: 0:0:0:0:0:0:0:1
2026-03-15 12:52:19 INFO  c.e.e.i.RequestLoggingInterceptor - Pre-Handle <- Incoming Request | Method: GET | URL: /api/v1/reports/user-roles-data | IP: 0:0:0:0:0:0:0:1
2026-03-15 12:52:19 INFO  c.e.e.i.RequestLoggingInterceptor - Pre-Handle <- Incoming Request | Method: GET | URL: /api/v1/reports/users-data | IP: 0:0:0:0:0:0:0:1
2026-03-15 12:52:19 INFO  c.e.e.i.RequestLoggingInterceptor - Post-Handle -> Response Sent | URL: /api/v1/reports/auth-summary-data | Status: 200
2026-03-15 12:52:19 INFO  c.e.e.i.RequestLoggingInterceptor - after-Completion - Request Complete  | URL: /api/v1/reports/auth-summary-data | Time: 47ms | Status: 200
2026-03-15 12:52:19 INFO  c.e.e.i.RequestLoggingInterceptor - Post-Handle -> Response Sent | URL: /api/v1/reports/user-roles-data | Status: 200
2026-03-15 12:52:19 INFO  c.e.e.i.RequestLoggingInterceptor - after-Completion - Request Complete  | URL: /api/v1/reports/user-roles-data | Time: 260ms | Status: 200
2026-03-15 12:52:19 INFO  c.e.e.i.RequestLoggingInterceptor - Post-Handle -> Response Sent | URL: /api/v1/reports/users-data | Status: 200
2026-03-15 12:52:19 INFO  c.e.e.i.RequestLoggingInterceptor - after-Completion - Request Complete  | URL: /api/v1/reports/users-data | Time: 287ms | Status: 200
2026-03-15 12:52:42 INFO  c.e.e.i.RequestLoggingInterceptor - Pre-Handle <- Incoming Request | Method: GET | URL: /report-all3.html | IP: 0:0:0:0:0:0:0:1
2026-03-15 12:52:42 INFO  c.e.e.i.RequestLoggingInterceptor - Post-Handle -> Response Sent | URL: /report-all3.html | Status: 200
2026-03-15 12:52:42 INFO  c.e.e.i.RequestLoggingInterceptor - after-Completion - Request Complete  | URL: /report-all3.html | Time: 6ms | Status: 200
2026-03-15 12:52:42 INFO  c.e.e.i.RequestLoggingInterceptor - Pre-Handle <- Incoming Request | Method: GET | URL: /api/v1/reports/user-roles-data | IP: 0:0:0:0:0:0:0:1
2026-03-15 12:52:42 INFO  c.e.e.i.RequestLoggingInterceptor - Pre-Handle <- Incoming Request | Method: GET | URL: /api/v1/reports/auth-summary-data | IP: 0:0:0:0:0:0:0:1
2026-03-15 12:52:42 INFO  c.e.e.i.RequestLoggingInterceptor - Pre-Handle <- Incoming Request | Method: GET | URL: /api/v1/reports/users-data | IP: 0:0:0:0:0:0:0:1
2026-03-15 12:52:42 INFO  c.e.e.i.RequestLoggingInterceptor - Post-Handle -> Response Sent | URL: /api/v1/reports/auth-summary-data | Status: 200
2026-03-15 12:52:42 INFO  c.e.e.i.RequestLoggingInterceptor - after-Completion - Request Complete  | URL: /api/v1/reports/users-data | Time: 9ms | Status: 429
2026-03-15 12:52:42 INFO  c.e.e.i.RequestLoggingInterceptor - after-Completion - Request Complete  | URL: /api/v1/reports/auth-summary-data | Time: 18ms | Status: 200
2026-03-15 12:52:42 INFO  c.e.e.i.RequestLoggingInterceptor - Post-Handle -> Response Sent | URL: /api/v1/reports/user-roles-data | Status: 200
2026-03-15 12:52:42 INFO  c.e.e.i.RequestLoggingInterceptor - after-Completion - Request Complete  | URL: /api/v1/reports/user-roles-data | Time: 109ms | Status: 200
