2026-03-12 11:00:03 INFO  c.e.e.i.RateLimitingTokenBucketInterceptor - =================================================================================================
2026-03-12 11:00:03 INFO  c.e.e.i.RateLimitingTokenBucketInterceptor - RateLimitingInterceptor for Token Bucket is ready.................................................
2026-03-12 11:00:03 INFO  c.e.e.i.RateLimitingTokenBucketInterceptor - enabled               = true
2026-03-12 11:00:03 INFO  c.e.e.i.RateLimitingTokenBucketInterceptor - general capacity      = 5/min
2026-03-12 11:00:03 INFO  c.e.e.i.RateLimitingTokenBucketInterceptor - login capacity        = 5/min
2026-03-12 11:00:03 INFO  c.e.e.i.RateLimitingTokenBucketInterceptor - register capacity     = 3/min
2026-03-12 11:00:03 INFO  c.e.e.i.RateLimitingTokenBucketInterceptor - get-user capacity     = 5/min
2026-03-12 11:00:03 INFO  c.e.e.i.RateLimitingTokenBucketInterceptor - =================================================================================================
2026-03-12 11:01:25 DEBUG c.e.e.i.RateLimitingTokenBucketInterceptor - Token Allowed | IP: 0:0:0:0:0:0:0:1 | URL: /api/v1/auth/login | Tokens left: 4
2026-03-12 11:02:18 DEBUG c.e.e.i.RateLimitingTokenBucketInterceptor - Token Allowed | IP: 0:0:0:0:0:0:0:1 | URL: /api/v1/auth/login | Tokens left: 4
2026-03-12 11:02:45 DEBUG c.e.e.i.RateLimitingTokenBucketInterceptor - Token Allowed | IP: 0:0:0:0:0:0:0:1 | URL: /api/v1/reports/users | Tokens left: 4
2026-03-12 11:07:22 INFO  c.e.e.i.RateLimitingTokenBucketInterceptor - =================================================================================================
2026-03-12 11:07:22 INFO  c.e.e.i.RateLimitingTokenBucketInterceptor - RateLimitingInterceptor for Token Bucket is ready.................................................
2026-03-12 11:07:22 INFO  c.e.e.i.RateLimitingTokenBucketInterceptor - enabled               = true
2026-03-12 11:07:22 INFO  c.e.e.i.RateLimitingTokenBucketInterceptor - general capacity      = 5/min
2026-03-12 11:07:22 INFO  c.e.e.i.RateLimitingTokenBucketInterceptor - login capacity        = 5/min
2026-03-12 11:07:22 INFO  c.e.e.i.RateLimitingTokenBucketInterceptor - register capacity     = 3/min
2026-03-12 11:07:22 INFO  c.e.e.i.RateLimitingTokenBucketInterceptor - get-user capacity     = 5/min
2026-03-12 11:07:22 INFO  c.e.e.i.RateLimitingTokenBucketInterceptor - =================================================================================================
2026-03-12 11:07:30 DEBUG c.e.e.i.RateLimitingTokenBucketInterceptor - Token Allowed | IP: 0:0:0:0:0:0:0:1 | URL: /api/v1/reports/users | Tokens left: 4
2026-03-12 11:09:46 INFO  c.e.e.i.RateLimitingTokenBucketInterceptor - =================================================================================================
2026-03-12 11:09:46 INFO  c.e.e.i.RateLimitingTokenBucketInterceptor - RateLimitingInterceptor for Token Bucket is ready.................................................
2026-03-12 11:09:46 INFO  c.e.e.i.RateLimitingTokenBucketInterceptor - enabled               = true
2026-03-12 11:09:46 INFO  c.e.e.i.RateLimitingTokenBucketInterceptor - general capacity      = 5/min
2026-03-12 11:09:46 INFO  c.e.e.i.RateLimitingTokenBucketInterceptor - login capacity        = 5/min
2026-03-12 11:09:46 INFO  c.e.e.i.RateLimitingTokenBucketInterceptor - register capacity     = 3/min
2026-03-12 11:09:46 INFO  c.e.e.i.RateLimitingTokenBucketInterceptor - get-user capacity     = 5/min
2026-03-12 11:09:46 INFO  c.e.e.i.RateLimitingTokenBucketInterceptor - =================================================================================================
2026-03-12 11:12:15 DEBUG c.e.e.i.RateLimitingTokenBucketInterceptor - Token Allowed | IP: 0:0:0:0:0:0:0:1 | URL: /api/v1/reports/users | Tokens left: 4
2026-03-12 11:14:43 DEBUG c.e.e.i.RateLimitingTokenBucketInterceptor - Token Allowed | IP: 0:0:0:0:0:0:0:1 | URL: /api/v1/reports/auth-summary | Tokens left: 4
2026-03-12 11:15:40 DEBUG c.e.e.i.RateLimitingTokenBucketInterceptor - Token Allowed | IP: 0:0:0:0:0:0:0:1 | URL: /api/v1/reports/user-roles | Tokens left: 4
2026-03-12 11:17:16 DEBUG c.e.e.i.RateLimitingTokenBucketInterceptor - Token Allowed | IP: 0:0:0:0:0:0:0:1 | URL: /api/v1/reports/auth-summary | Tokens left: 4
2026-03-12 11:17:34 DEBUG c.e.e.i.RateLimitingTokenBucketInterceptor - Token Allowed | IP: 0:0:0:0:0:0:0:1 | URL: /api/v1/reports/users | Tokens left: 4
2026-03-12 11:56:00 INFO  c.e.e.i.RateLimitingTokenBucketInterceptor - =================================================================================================
2026-03-12 11:56:00 INFO  c.e.e.i.RateLimitingTokenBucketInterceptor - RateLimitingInterceptor for Token Bucket is ready.................................................
2026-03-12 11:56:00 INFO  c.e.e.i.RateLimitingTokenBucketInterceptor - enabled               = true
2026-03-12 11:56:00 INFO  c.e.e.i.RateLimitingTokenBucketInterceptor - general capacity      = 5/min
2026-03-12 11:56:00 INFO  c.e.e.i.RateLimitingTokenBucketInterceptor - login capacity        = 5/min
2026-03-12 11:56:00 INFO  c.e.e.i.RateLimitingTokenBucketInterceptor - register capacity     = 3/min
2026-03-12 11:56:00 INFO  c.e.e.i.RateLimitingTokenBucketInterceptor - get-user capacity     = 5/min
2026-03-12 11:56:00 INFO  c.e.e.i.RateLimitingTokenBucketInterceptor - =================================================================================================
2026-03-12 11:56:14 DEBUG c.e.e.i.RateLimitingTokenBucketInterceptor - Token Allowed | IP: 0:0:0:0:0:0:0:1 | URL: /api/v1/reports/auth-summary | Tokens left: 4
2026-03-12 11:58:05 INFO  c.e.e.i.RateLimitingTokenBucketInterceptor - =================================================================================================
2026-03-12 11:58:05 INFO  c.e.e.i.RateLimitingTokenBucketInterceptor - RateLimitingInterceptor for Token Bucket is ready.................................................
2026-03-12 11:58:05 INFO  c.e.e.i.RateLimitingTokenBucketInterceptor - enabled               = true
2026-03-12 11:58:05 INFO  c.e.e.i.RateLimitingTokenBucketInterceptor - general capacity      = 5/min
2026-03-12 11:58:05 INFO  c.e.e.i.RateLimitingTokenBucketInterceptor - login capacity        = 5/min
2026-03-12 11:58:05 INFO  c.e.e.i.RateLimitingTokenBucketInterceptor - register capacity     = 3/min
2026-03-12 11:58:05 INFO  c.e.e.i.RateLimitingTokenBucketInterceptor - get-user capacity     = 5/min
2026-03-12 11:58:05 INFO  c.e.e.i.RateLimitingTokenBucketInterceptor - =================================================================================================
2026-03-12 11:58:16 DEBUG c.e.e.i.RateLimitingTokenBucketInterceptor - Token Allowed | IP: 0:0:0:0:0:0:0:1 | URL: /api/v1/reports/auth-summary | Tokens left: 4
2026-03-12 12:06:30 INFO  c.e.e.i.RateLimitingTokenBucketInterceptor - =================================================================================================
2026-03-12 12:06:30 INFO  c.e.e.i.RateLimitingTokenBucketInterceptor - RateLimitingInterceptor for Token Bucket is ready.................................................
2026-03-12 12:06:30 INFO  c.e.e.i.RateLimitingTokenBucketInterceptor - enabled               = true
2026-03-12 12:06:30 INFO  c.e.e.i.RateLimitingTokenBucketInterceptor - general capacity      = 5/min
2026-03-12 12:06:30 INFO  c.e.e.i.RateLimitingTokenBucketInterceptor - login capacity        = 5/min
2026-03-12 12:06:30 INFO  c.e.e.i.RateLimitingTokenBucketInterceptor - register capacity     = 3/min
2026-03-12 12:06:30 INFO  c.e.e.i.RateLimitingTokenBucketInterceptor - get-user capacity     = 5/min
2026-03-12 12:06:30 INFO  c.e.e.i.RateLimitingTokenBucketInterceptor - =================================================================================================
2026-03-12 12:06:38 DEBUG c.e.e.i.RateLimitingTokenBucketInterceptor - Token Allowed | IP: 0:0:0:0:0:0:0:1 | URL: /api/v1/reports/auth-summary | Tokens left: 4
2026-03-12 12:07:52 DEBUG c.e.e.i.RateLimitingTokenBucketInterceptor - Token Allowed | IP: 0:0:0:0:0:0:0:1 | URL: /api/v1/auth/login | Tokens left: 4
2026-03-12 12:08:02 DEBUG c.e.e.i.RateLimitingTokenBucketInterceptor - Token Allowed | IP: 0:0:0:0:0:0:0:1 | URL: /api/v1/reports/auth-summary | Tokens left: 4
2026-03-12 13:53:34 INFO  c.e.e.i.RateLimitingTokenBucketInterceptor - =================================================================================================
2026-03-12 13:53:34 INFO  c.e.e.i.RateLimitingTokenBucketInterceptor - RateLimitingInterceptor for Token Bucket is ready.................................................
2026-03-12 13:53:34 INFO  c.e.e.i.RateLimitingTokenBucketInterceptor - enabled               = true
2026-03-12 13:53:34 INFO  c.e.e.i.RateLimitingTokenBucketInterceptor - general capacity      = 5/min
2026-03-12 13:53:34 INFO  c.e.e.i.RateLimitingTokenBucketInterceptor - login capacity        = 5/min
2026-03-12 13:53:34 INFO  c.e.e.i.RateLimitingTokenBucketInterceptor - register capacity     = 3/min
2026-03-12 13:53:34 INFO  c.e.e.i.RateLimitingTokenBucketInterceptor - get-user capacity     = 5/min
2026-03-12 13:53:34 INFO  c.e.e.i.RateLimitingTokenBucketInterceptor - =================================================================================================
2026-03-12 13:56:05 INFO  c.e.e.i.RateLimitingTokenBucketInterceptor - =================================================================================================
2026-03-12 13:56:05 INFO  c.e.e.i.RateLimitingTokenBucketInterceptor - RateLimitingInterceptor for Token Bucket is ready.................................................
2026-03-12 13:56:05 INFO  c.e.e.i.RateLimitingTokenBucketInterceptor - enabled               = true
2026-03-12 13:56:05 INFO  c.e.e.i.RateLimitingTokenBucketInterceptor - general capacity      = 5/min
2026-03-12 13:56:05 INFO  c.e.e.i.RateLimitingTokenBucketInterceptor - login capacity        = 5/min
2026-03-12 13:56:05 INFO  c.e.e.i.RateLimitingTokenBucketInterceptor - register capacity     = 3/min
2026-03-12 13:56:05 INFO  c.e.e.i.RateLimitingTokenBucketInterceptor - get-user capacity     = 5/min
2026-03-12 13:56:05 INFO  c.e.e.i.RateLimitingTokenBucketInterceptor - =================================================================================================
2026-03-12 13:56:16 DEBUG c.e.e.i.RateLimitingTokenBucketInterceptor - Token Allowed | IP: 0:0:0:0:0:0:0:1 | URL: /api/v1/auth/login | Tokens left: 4
2026-03-12 14:15:15 INFO  c.e.e.i.RateLimitingTokenBucketInterceptor - =================================================================================================
2026-03-12 14:15:15 INFO  c.e.e.i.RateLimitingTokenBucketInterceptor - RateLimitingInterceptor for Token Bucket is ready.................................................
2026-03-12 14:15:15 INFO  c.e.e.i.RateLimitingTokenBucketInterceptor - enabled               = true
2026-03-12 14:15:15 INFO  c.e.e.i.RateLimitingTokenBucketInterceptor - general capacity      = 5/min
2026-03-12 14:15:15 INFO  c.e.e.i.RateLimitingTokenBucketInterceptor - login capacity        = 5/min
2026-03-12 14:15:15 INFO  c.e.e.i.RateLimitingTokenBucketInterceptor - register capacity     = 3/min
2026-03-12 14:15:15 INFO  c.e.e.i.RateLimitingTokenBucketInterceptor - get-user capacity     = 5/min
2026-03-12 14:15:15 INFO  c.e.e.i.RateLimitingTokenBucketInterceptor - =================================================================================================
2026-03-12 14:15:24 DEBUG c.e.e.i.RateLimitingTokenBucketInterceptor - Token Allowed | IP: 0:0:0:0:0:0:0:1 | URL: /Report-API.html | Tokens left: 4
2026-03-12 14:15:25 DEBUG c.e.e.i.RateLimitingTokenBucketInterceptor - Token Allowed | IP: 0:0:0:0:0:0:0:1 | URL: /favicon.ico | Tokens left: 3
2026-03-12 14:21:31 INFO  c.e.e.i.RateLimitingTokenBucketInterceptor - =================================================================================================
2026-03-12 14:21:31 INFO  c.e.e.i.RateLimitingTokenBucketInterceptor - RateLimitingInterceptor for Token Bucket is ready.................................................
2026-03-12 14:21:31 INFO  c.e.e.i.RateLimitingTokenBucketInterceptor - enabled               = true
2026-03-12 14:21:31 INFO  c.e.e.i.RateLimitingTokenBucketInterceptor - general capacity      = 5/min
2026-03-12 14:21:31 INFO  c.e.e.i.RateLimitingTokenBucketInterceptor - login capacity        = 5/min
2026-03-12 14:21:31 INFO  c.e.e.i.RateLimitingTokenBucketInterceptor - register capacity     = 3/min
2026-03-12 14:21:31 INFO  c.e.e.i.RateLimitingTokenBucketInterceptor - get-user capacity     = 5/min
2026-03-12 14:21:31 INFO  c.e.e.i.RateLimitingTokenBucketInterceptor - =================================================================================================
2026-03-12 14:24:09 INFO  c.e.e.i.RateLimitingTokenBucketInterceptor - =================================================================================================
2026-03-12 14:24:09 INFO  c.e.e.i.RateLimitingTokenBucketInterceptor - RateLimitingInterceptor for Token Bucket is ready.................................................
2026-03-12 14:24:09 INFO  c.e.e.i.RateLimitingTokenBucketInterceptor - enabled               = true
2026-03-12 14:24:09 INFO  c.e.e.i.RateLimitingTokenBucketInterceptor - general capacity      = 5/min
2026-03-12 14:24:09 INFO  c.e.e.i.RateLimitingTokenBucketInterceptor - login capacity        = 5/min
2026-03-12 14:24:09 INFO  c.e.e.i.RateLimitingTokenBucketInterceptor - register capacity     = 3/min
2026-03-12 14:24:09 INFO  c.e.e.i.RateLimitingTokenBucketInterceptor - get-user capacity     = 5/min
2026-03-12 14:24:09 INFO  c.e.e.i.RateLimitingTokenBucketInterceptor - =================================================================================================
2026-03-12 14:33:29 INFO  c.e.e.i.RateLimitingTokenBucketInterceptor - =================================================================================================
2026-03-12 14:33:29 INFO  c.e.e.i.RateLimitingTokenBucketInterceptor - RateLimitingInterceptor for Token Bucket is ready.................................................
2026-03-12 14:33:29 INFO  c.e.e.i.RateLimitingTokenBucketInterceptor - enabled               = true
2026-03-12 14:33:29 INFO  c.e.e.i.RateLimitingTokenBucketInterceptor - general capacity      = 5/min
2026-03-12 14:33:29 INFO  c.e.e.i.RateLimitingTokenBucketInterceptor - login capacity        = 5/min
2026-03-12 14:33:29 INFO  c.e.e.i.RateLimitingTokenBucketInterceptor - register capacity     = 3/min
2026-03-12 14:33:29 INFO  c.e.e.i.RateLimitingTokenBucketInterceptor - get-user capacity     = 5/min
2026-03-12 14:33:29 INFO  c.e.e.i.RateLimitingTokenBucketInterceptor - =================================================================================================
2026-03-12 14:38:53 INFO  c.e.e.i.RateLimitingTokenBucketInterceptor - =================================================================================================
2026-03-12 14:38:53 INFO  c.e.e.i.RateLimitingTokenBucketInterceptor - RateLimitingInterceptor for Token Bucket is ready.................................................
2026-03-12 14:38:53 INFO  c.e.e.i.RateLimitingTokenBucketInterceptor - enabled               = true
2026-03-12 14:38:53 INFO  c.e.e.i.RateLimitingTokenBucketInterceptor - general capacity      = 5/min
2026-03-12 14:38:53 INFO  c.e.e.i.RateLimitingTokenBucketInterceptor - login capacity        = 5/min
2026-03-12 14:38:53 INFO  c.e.e.i.RateLimitingTokenBucketInterceptor - register capacity     = 3/min
2026-03-12 14:38:53 INFO  c.e.e.i.RateLimitingTokenBucketInterceptor - get-user capacity     = 5/min
2026-03-12 14:38:53 INFO  c.e.e.i.RateLimitingTokenBucketInterceptor - =================================================================================================
2026-03-12 14:43:31 INFO  c.e.e.i.RateLimitingTokenBucketInterceptor - =================================================================================================
2026-03-12 14:43:31 INFO  c.e.e.i.RateLimitingTokenBucketInterceptor - RateLimitingInterceptor for Token Bucket is ready.................................................
2026-03-12 14:43:31 INFO  c.e.e.i.RateLimitingTokenBucketInterceptor - enabled               = true
2026-03-12 14:43:31 INFO  c.e.e.i.RateLimitingTokenBucketInterceptor - general capacity      = 5/min
2026-03-12 14:43:31 INFO  c.e.e.i.RateLimitingTokenBucketInterceptor - login capacity        = 5/min
2026-03-12 14:43:31 INFO  c.e.e.i.RateLimitingTokenBucketInterceptor - register capacity     = 3/min
2026-03-12 14:43:31 INFO  c.e.e.i.RateLimitingTokenBucketInterceptor - get-user capacity     = 5/min
2026-03-12 14:43:31 INFO  c.e.e.i.RateLimitingTokenBucketInterceptor - =================================================================================================
2026-03-12 14:54:39 INFO  c.e.e.i.RateLimitingTokenBucketInterceptor - =================================================================================================
2026-03-12 14:54:39 INFO  c.e.e.i.RateLimitingTokenBucketInterceptor - RateLimitingInterceptor for Token Bucket is ready.................................................
2026-03-12 14:54:39 INFO  c.e.e.i.RateLimitingTokenBucketInterceptor - enabled               = true
2026-03-12 14:54:39 INFO  c.e.e.i.RateLimitingTokenBucketInterceptor - general capacity      = 5/min
2026-03-12 14:54:39 INFO  c.e.e.i.RateLimitingTokenBucketInterceptor - login capacity        = 5/min
2026-03-12 14:54:39 INFO  c.e.e.i.RateLimitingTokenBucketInterceptor - register capacity     = 3/min
2026-03-12 14:54:39 INFO  c.e.e.i.RateLimitingTokenBucketInterceptor - get-user capacity     = 5/min
2026-03-12 14:54:39 INFO  c.e.e.i.RateLimitingTokenBucketInterceptor - =================================================================================================
2026-03-12 14:58:25 INFO  c.e.e.i.RateLimitingTokenBucketInterceptor - =================================================================================================
2026-03-12 14:58:25 INFO  c.e.e.i.RateLimitingTokenBucketInterceptor - RateLimitingInterceptor for Token Bucket is ready.................................................
2026-03-12 14:58:25 INFO  c.e.e.i.RateLimitingTokenBucketInterceptor - enabled               = true
2026-03-12 14:58:25 INFO  c.e.e.i.RateLimitingTokenBucketInterceptor - general capacity      = 5/min
2026-03-12 14:58:25 INFO  c.e.e.i.RateLimitingTokenBucketInterceptor - login capacity        = 5/min
2026-03-12 14:58:25 INFO  c.e.e.i.RateLimitingTokenBucketInterceptor - register capacity     = 3/min
2026-03-12 14:58:25 INFO  c.e.e.i.RateLimitingTokenBucketInterceptor - get-user capacity     = 5/min
2026-03-12 14:58:25 INFO  c.e.e.i.RateLimitingTokenBucketInterceptor - =================================================================================================
2026-03-12 15:07:40 INFO  c.e.e.i.RateLimitingTokenBucketInterceptor - =================================================================================================
2026-03-12 15:07:40 INFO  c.e.e.i.RateLimitingTokenBucketInterceptor - RateLimitingInterceptor for Token Bucket is ready.................................................
2026-03-12 15:07:40 INFO  c.e.e.i.RateLimitingTokenBucketInterceptor - enabled               = true
2026-03-12 15:07:40 INFO  c.e.e.i.RateLimitingTokenBucketInterceptor - general capacity      = 5/min
2026-03-12 15:07:40 INFO  c.e.e.i.RateLimitingTokenBucketInterceptor - login capacity        = 5/min
2026-03-12 15:07:40 INFO  c.e.e.i.RateLimitingTokenBucketInterceptor - register capacity     = 3/min
2026-03-12 15:07:40 INFO  c.e.e.i.RateLimitingTokenBucketInterceptor - get-user capacity     = 5/min
2026-03-12 15:07:40 INFO  c.e.e.i.RateLimitingTokenBucketInterceptor - =================================================================================================
2026-03-12 15:08:09 INFO  c.e.e.i.RateLimitingTokenBucketInterceptor - =================================================================================================
2026-03-12 15:08:09 INFO  c.e.e.i.RateLimitingTokenBucketInterceptor - RateLimitingInterceptor for Token Bucket is ready.................................................
2026-03-12 15:08:09 INFO  c.e.e.i.RateLimitingTokenBucketInterceptor - enabled               = true
2026-03-12 15:08:09 INFO  c.e.e.i.RateLimitingTokenBucketInterceptor - general capacity      = 5/min
2026-03-12 15:08:09 INFO  c.e.e.i.RateLimitingTokenBucketInterceptor - login capacity        = 5/min
2026-03-12 15:08:09 INFO  c.e.e.i.RateLimitingTokenBucketInterceptor - register capacity     = 3/min
2026-03-12 15:08:09 INFO  c.e.e.i.RateLimitingTokenBucketInterceptor - get-user capacity     = 5/min
2026-03-12 15:08:09 INFO  c.e.e.i.RateLimitingTokenBucketInterceptor - =================================================================================================
2026-03-12 15:10:19 INFO  c.e.e.i.RateLimitingTokenBucketInterceptor - =================================================================================================
2026-03-12 15:10:19 INFO  c.e.e.i.RateLimitingTokenBucketInterceptor - RateLimitingInterceptor for Token Bucket is ready.................................................
2026-03-12 15:10:19 INFO  c.e.e.i.RateLimitingTokenBucketInterceptor - enabled               = true
2026-03-12 15:10:19 INFO  c.e.e.i.RateLimitingTokenBucketInterceptor - general capacity      = 5/min
2026-03-12 15:10:19 INFO  c.e.e.i.RateLimitingTokenBucketInterceptor - login capacity        = 5/min
2026-03-12 15:10:19 INFO  c.e.e.i.RateLimitingTokenBucketInterceptor - register capacity     = 3/min
2026-03-12 15:10:19 INFO  c.e.e.i.RateLimitingTokenBucketInterceptor - get-user capacity     = 5/min
2026-03-12 15:10:19 INFO  c.e.e.i.RateLimitingTokenBucketInterceptor - =================================================================================================
2026-03-12 15:10:30 DEBUG c.e.e.i.RateLimitingTokenBucketInterceptor - Token Allowed | IP: 0:0:0:0:0:0:0:1 | URL: /api/v1/reports/users-data | Tokens left: 3
2026-03-12 15:10:30 DEBUG c.e.e.i.RateLimitingTokenBucketInterceptor - Token Allowed | IP: 0:0:0:0:0:0:0:1 | URL: /api/v1/reports/auth-summary-data | Tokens left: 4
2026-03-12 15:10:30 DEBUG c.e.e.i.RateLimitingTokenBucketInterceptor - Token Allowed | IP: 0:0:0:0:0:0:0:1 | URL: /api/v1/reports/user-roles-data | Tokens left: 2
2026-03-12 15:11:50 DEBUG c.e.e.i.RateLimitingTokenBucketInterceptor - Token Allowed | IP: 0:0:0:0:0:0:0:1 | URL: /api/v1/reports/user-roles-data | Tokens left: 4
2026-03-12 15:11:50 DEBUG c.e.e.i.RateLimitingTokenBucketInterceptor - Token Allowed | IP: 0:0:0:0:0:0:0:1 | URL: /api/v1/reports/auth-summary-data | Tokens left: 3
2026-03-12 15:11:50 DEBUG c.e.e.i.RateLimitingTokenBucketInterceptor - Token Allowed | IP: 0:0:0:0:0:0:0:1 | URL: /api/v1/reports/users-data | Tokens left: 2
2026-03-12 15:12:06 DEBUG c.e.e.i.RateLimitingTokenBucketInterceptor - Token Allowed | IP: 0:0:0:0:0:0:0:1 | URL: /api/v1/reports/auth-summary-data | Tokens left: 2
2026-03-12 15:12:06 DEBUG c.e.e.i.RateLimitingTokenBucketInterceptor - Token Allowed | IP: 0:0:0:0:0:0:0:1 | URL: /api/v1/reports/users-data | Tokens left: 1
2026-03-12 15:12:06 DEBUG c.e.e.i.RateLimitingTokenBucketInterceptor - Token Allowed | IP: 0:0:0:0:0:0:0:1 | URL: /api/v1/reports/user-roles-data | Tokens left: 0
2026-03-12 15:12:16 DEBUG c.e.e.i.RateLimitingTokenBucketInterceptor - Token Allowed | IP: 0:0:0:0:0:0:0:1 | URL: /api/v1/reports/auth-summary | Tokens left: 0
2026-03-12 15:13:05 DEBUG c.e.e.i.RateLimitingTokenBucketInterceptor - Token Allowed | IP: 0:0:0:0:0:0:0:1 | URL: /api/v1/reports/users | Tokens left: 3
2026-03-12 15:13:46 DEBUG c.e.e.i.RateLimitingTokenBucketInterceptor - Token Allowed | IP: 0:0:0:0:0:0:0:1 | URL: /api/v1/reports/user-roles | Tokens left: 4
2026-03-12 15:15:38 DEBUG c.e.e.i.RateLimitingTokenBucketInterceptor - Token Allowed | IP: 0:0:0:0:0:0:0:1 | URL: /api/v1/reports/auth-summary-data | Tokens left: 4
2026-03-12 15:15:38 DEBUG c.e.e.i.RateLimitingTokenBucketInterceptor - Token Allowed | IP: 0:0:0:0:0:0:0:1 | URL: /api/v1/reports/user-roles-data | Tokens left: 3
2026-03-12 15:15:38 DEBUG c.e.e.i.RateLimitingTokenBucketInterceptor - Token Allowed | IP: 0:0:0:0:0:0:0:1 | URL: /api/v1/reports/users-data | Tokens left: 2
2026-03-12 15:15:40 DEBUG c.e.e.i.RateLimitingTokenBucketInterceptor - Token Allowed | IP: 0:0:0:0:0:0:0:1 | URL: /api/v1/reports/auth-summary-data | Tokens left: 1
2026-03-12 15:15:40 DEBUG c.e.e.i.RateLimitingTokenBucketInterceptor - Token Allowed | IP: 0:0:0:0:0:0:0:1 | URL: /api/v1/reports/user-roles-data | Tokens left: 0
2026-03-12 15:15:40 WARN  c.e.e.i.RateLimitingTokenBucketInterceptor - Token-Rate limit exceeded | IP: 0:0:0:0:0:0:0:1 | URL: /api/v1/reports/users-data
2026-03-12 15:15:46 WARN  c.e.e.i.RateLimitingTokenBucketInterceptor - Token-Rate limit exceeded | IP: 0:0:0:0:0:0:0:1 | URL: /api/v1/reports/user-roles
2026-03-12 15:15:50 DEBUG c.e.e.i.RateLimitingTokenBucketInterceptor - Token Allowed | IP: 0:0:0:0:0:0:0:1 | URL: /api/v1/reports/users | Tokens left: 0
2026-03-12 15:25:31 INFO  c.e.e.i.RateLimitingTokenBucketInterceptor - =================================================================================================
2026-03-12 15:25:31 INFO  c.e.e.i.RateLimitingTokenBucketInterceptor - RateLimitingInterceptor for Token Bucket is ready.................................................
2026-03-12 15:25:31 INFO  c.e.e.i.RateLimitingTokenBucketInterceptor - enabled               = true
2026-03-12 15:25:31 INFO  c.e.e.i.RateLimitingTokenBucketInterceptor - general capacity      = 5/min
2026-03-12 15:25:31 INFO  c.e.e.i.RateLimitingTokenBucketInterceptor - login capacity        = 5/min
2026-03-12 15:25:31 INFO  c.e.e.i.RateLimitingTokenBucketInterceptor - register capacity     = 3/min
2026-03-12 15:25:31 INFO  c.e.e.i.RateLimitingTokenBucketInterceptor - get-user capacity     = 5/min
2026-03-12 15:25:31 INFO  c.e.e.i.RateLimitingTokenBucketInterceptor - =================================================================================================
2026-03-12 15:29:41 INFO  c.e.e.i.RateLimitingTokenBucketInterceptor - =================================================================================================
2026-03-12 15:29:41 INFO  c.e.e.i.RateLimitingTokenBucketInterceptor - RateLimitingInterceptor for Token Bucket is ready.................................................
2026-03-12 15:29:41 INFO  c.e.e.i.RateLimitingTokenBucketInterceptor - enabled               = true
2026-03-12 15:29:41 INFO  c.e.e.i.RateLimitingTokenBucketInterceptor - general capacity      = 5/min
2026-03-12 15:29:41 INFO  c.e.e.i.RateLimitingTokenBucketInterceptor - login capacity        = 5/min
2026-03-12 15:29:41 INFO  c.e.e.i.RateLimitingTokenBucketInterceptor - register capacity     = 3/min
2026-03-12 15:29:41 INFO  c.e.e.i.RateLimitingTokenBucketInterceptor - get-user capacity     = 5/min
2026-03-12 15:29:41 INFO  c.e.e.i.RateLimitingTokenBucketInterceptor - =================================================================================================
2026-03-12 15:34:34 INFO  c.e.e.i.RateLimitingTokenBucketInterceptor - =================================================================================================
2026-03-12 15:34:34 INFO  c.e.e.i.RateLimitingTokenBucketInterceptor - RateLimitingInterceptor for Token Bucket is ready.................................................
2026-03-12 15:34:34 INFO  c.e.e.i.RateLimitingTokenBucketInterceptor - enabled               = true
2026-03-12 15:34:34 INFO  c.e.e.i.RateLimitingTokenBucketInterceptor - general capacity      = 5/min
2026-03-12 15:34:34 INFO  c.e.e.i.RateLimitingTokenBucketInterceptor - login capacity        = 5/min
2026-03-12 15:34:34 INFO  c.e.e.i.RateLimitingTokenBucketInterceptor - register capacity     = 3/min
2026-03-12 15:34:34 INFO  c.e.e.i.RateLimitingTokenBucketInterceptor - get-user capacity     = 5/min
2026-03-12 15:34:34 INFO  c.e.e.i.RateLimitingTokenBucketInterceptor - =================================================================================================
2026-03-12 15:35:19 DEBUG c.e.e.i.RateLimitingTokenBucketInterceptor - Token Allowed | IP: 0:0:0:0:0:0:0:1 | URL: /api/v1/reports/auth-summary-data | Tokens left: 4
2026-03-12 15:35:22 DEBUG c.e.e.i.RateLimitingTokenBucketInterceptor - Token Allowed | IP: 0:0:0:0:0:0:0:1 | URL: /api/v1/reports/auth-summary-data | Tokens left: 3
2026-03-12 15:35:23 DEBUG c.e.e.i.RateLimitingTokenBucketInterceptor - Token Allowed | IP: 0:0:0:0:0:0:0:1 | URL: /api/v1/reports/auth-summary-data | Tokens left: 2
2026-03-12 15:35:23 DEBUG c.e.e.i.RateLimitingTokenBucketInterceptor - Token Allowed | IP: 0:0:0:0:0:0:0:1 | URL: /api/v1/reports/auth-summary-data | Tokens left: 1
2026-03-12 15:35:23 DEBUG c.e.e.i.RateLimitingTokenBucketInterceptor - Token Allowed | IP: 0:0:0:0:0:0:0:1 | URL: /api/v1/reports/auth-summary-data | Tokens left: 0
2026-03-12 15:35:24 WARN  c.e.e.i.RateLimitingTokenBucketInterceptor - Token-Rate limit exceeded | IP: 0:0:0:0:0:0:0:1 | URL: /api/v1/reports/auth-summary-data
2026-03-12 15:35:31 WARN  c.e.e.i.RateLimitingTokenBucketInterceptor - Token-Rate limit exceeded | IP: 0:0:0:0:0:0:0:1 | URL: /api/v1/reports/auth-summary-data
2026-03-12 15:36:36 DEBUG c.e.e.i.RateLimitingTokenBucketInterceptor - Token Allowed | IP: 0:0:0:0:0:0:0:1 | URL: /api/v1/reports/users-data | Tokens left: 4
2026-03-12 15:36:39 DEBUG c.e.e.i.RateLimitingTokenBucketInterceptor - Token Allowed | IP: 0:0:0:0:0:0:0:1 | URL: /api/v1/reports/auth-summary-data | Tokens left: 3
2026-03-12 15:36:51 DEBUG c.e.e.i.RateLimitingTokenBucketInterceptor - Token Allowed | IP: 0:0:0:0:0:0:0:1 | URL: /api/v1/reports/user-roles-data | Tokens left: 3
2026-03-12 15:36:53 DEBUG c.e.e.i.RateLimitingTokenBucketInterceptor - Token Allowed | IP: 0:0:0:0:0:0:0:1 | URL: /api/v1/reports/users-data | Tokens left: 2
2026-03-12 15:36:55 DEBUG c.e.e.i.RateLimitingTokenBucketInterceptor - Token Allowed | IP: 0:0:0:0:0:0:0:1 | URL: /api/v1/reports/auth-summary-data | Tokens left: 1
2026-03-12 15:36:55 DEBUG c.e.e.i.RateLimitingTokenBucketInterceptor - Token Allowed | IP: 0:0:0:0:0:0:0:1 | URL: /api/v1/reports/auth-summary-data | Tokens left: 0
2026-03-12 15:36:58 WARN  c.e.e.i.RateLimitingTokenBucketInterceptor - Token-Rate limit exceeded | IP: 0:0:0:0:0:0:0:1 | URL: /api/v1/reports/auth-summary-data
2026-03-12 15:37:02 DEBUG c.e.e.i.RateLimitingTokenBucketInterceptor - Token Allowed | IP: 0:0:0:0:0:0:0:1 | URL: /api/v1/reports/auth-summary-data | Tokens left: 0
2026-03-12 15:37:02 WARN  c.e.e.i.RateLimitingTokenBucketInterceptor - Token-Rate limit exceeded | IP: 0:0:0:0:0:0:0:1 | URL: /api/v1/reports/auth-summary-data
2026-03-12 15:37:03 WARN  c.e.e.i.RateLimitingTokenBucketInterceptor - Token-Rate limit exceeded | IP: 0:0:0:0:0:0:0:1 | URL: /api/v1/reports/auth-summary-data
2026-03-12 15:37:03 WARN  c.e.e.i.RateLimitingTokenBucketInterceptor - Token-Rate limit exceeded | IP: 0:0:0:0:0:0:0:1 | URL: /api/v1/reports/auth-summary-data
2026-03-12 15:37:04 WARN  c.e.e.i.RateLimitingTokenBucketInterceptor - Token-Rate limit exceeded | IP: 0:0:0:0:0:0:0:1 | URL: /api/v1/reports/auth-summary-data
2026-03-12 15:37:06 WARN  c.e.e.i.RateLimitingTokenBucketInterceptor - Token-Rate limit exceeded | IP: 0:0:0:0:0:0:0:1 | URL: /api/v1/reports/auth-summary-data
2026-03-12 15:37:06 WARN  c.e.e.i.RateLimitingTokenBucketInterceptor - Token-Rate limit exceeded | IP: 0:0:0:0:0:0:0:1 | URL: /api/v1/reports/auth-summary-data
2026-03-12 15:37:06 WARN  c.e.e.i.RateLimitingTokenBucketInterceptor - Token-Rate limit exceeded | IP: 0:0:0:0:0:0:0:1 | URL: /api/v1/reports/auth-summary-data
2026-03-12 15:37:07 WARN  c.e.e.i.RateLimitingTokenBucketInterceptor - Token-Rate limit exceeded | IP: 0:0:0:0:0:0:0:1 | URL: /api/v1/reports/auth-summary-data
2026-03-12 15:37:09 WARN  c.e.e.i.RateLimitingTokenBucketInterceptor - Token-Rate limit exceeded | IP: 0:0:0:0:0:0:0:1 | URL: /api/v1/reports/auth-summary-data
2026-03-12 15:37:30 DEBUG c.e.e.i.RateLimitingTokenBucketInterceptor - Token Allowed | IP: 0:0:0:0:0:0:0:1 | URL: /api/v1/reports/auth-summary-data | Tokens left: 1
2026-03-12 15:37:36 DEBUG c.e.e.i.RateLimitingTokenBucketInterceptor - Token Allowed | IP: 0:0:0:0:0:0:0:1 | URL: /api/v1/reports/auth-summary-data | Tokens left: 0
2026-03-12 15:37:58 DEBUG c.e.e.i.RateLimitingTokenBucketInterceptor - Token Allowed | IP: 0:0:0:0:0:0:0:1 | URL: /api/v1/reports/auth-summary-data | Tokens left: 1
2026-03-12 15:42:30 INFO  c.e.e.i.RateLimitingTokenBucketInterceptor - =================================================================================================
2026-03-12 15:42:30 INFO  c.e.e.i.RateLimitingTokenBucketInterceptor - RateLimitingInterceptor for Token Bucket is ready.................................................
2026-03-12 15:42:30 INFO  c.e.e.i.RateLimitingTokenBucketInterceptor - enabled               = true
2026-03-12 15:42:30 INFO  c.e.e.i.RateLimitingTokenBucketInterceptor - general capacity      = 5/min
2026-03-12 15:42:30 INFO  c.e.e.i.RateLimitingTokenBucketInterceptor - login capacity        = 5/min
2026-03-12 15:42:30 INFO  c.e.e.i.RateLimitingTokenBucketInterceptor - register capacity     = 3/min
2026-03-12 15:42:30 INFO  c.e.e.i.RateLimitingTokenBucketInterceptor - get-user capacity     = 5/min
2026-03-12 15:42:30 INFO  c.e.e.i.RateLimitingTokenBucketInterceptor - =================================================================================================
2026-03-12 15:42:44 DEBUG c.e.e.i.RateLimitingTokenBucketInterceptor - Token Allowed | IP: 0:0:0:0:0:0:0:1 | URL: /api/v1/reports/auth-summary-data | Tokens left: 4
2026-03-12 15:42:46 DEBUG c.e.e.i.RateLimitingTokenBucketInterceptor - Token Allowed | IP: 0:0:0:0:0:0:0:1 | URL: /api/v1/reports/auth-summary-data | Tokens left: 3
2026-03-12 15:42:54 DEBUG c.e.e.i.RateLimitingTokenBucketInterceptor - Token Allowed | IP: 0:0:0:0:0:0:0:1 | URL: /api/v1/reports/auth-summary-data | Tokens left: 2
2026-03-12 15:43:20 DEBUG c.e.e.i.RateLimitingTokenBucketInterceptor - Token Allowed | IP: 0:0:0:0:0:0:0:1 | URL: /api/v1/reports/auth-summary-data | Tokens left: 3
2026-03-12 15:44:35 DEBUG c.e.e.i.RateLimitingTokenBucketInterceptor - Token Allowed | IP: 0:0:0:0:0:0:0:1 | URL: /api/v1/reports/auth-summary-data | Tokens left: 4
2026-03-12 15:44:38 DEBUG c.e.e.i.RateLimitingTokenBucketInterceptor - Token Allowed | IP: 0:0:0:0:0:0:0:1 | URL: /api/v1/reports/auth-summary-data | Tokens left: 3
2026-03-12 15:44:49 DEBUG c.e.e.i.RateLimitingTokenBucketInterceptor - Token Allowed | IP: 0:0:0:0:0:0:0:1 | URL: /api/v1/reports/auth-summary-data | Tokens left: 3
2026-03-12 15:45:12 DEBUG c.e.e.i.RateLimitingTokenBucketInterceptor - Token Allowed | IP: 0:0:0:0:0:0:0:1 | URL: /api/v1/reports/users-data | Tokens left: 4
2026-03-12 15:45:16 DEBUG c.e.e.i.RateLimitingTokenBucketInterceptor - Token Allowed | IP: 0:0:0:0:0:0:0:1 | URL: /api/v1/reports/auth-summary-data | Tokens left: 3
2026-03-12 15:46:41 DEBUG c.e.e.i.RateLimitingTokenBucketInterceptor - Token Allowed | IP: 0:0:0:0:0:0:0:1 | URL: /api/v1/reports/auth-summary-data | Tokens left: 4
2026-03-12 15:55:11 INFO  c.e.e.i.RateLimitingTokenBucketInterceptor - =================================================================================================
2026-03-12 15:55:11 INFO  c.e.e.i.RateLimitingTokenBucketInterceptor - RateLimitingInterceptor for Token Bucket is ready.................................................
2026-03-12 15:55:11 INFO  c.e.e.i.RateLimitingTokenBucketInterceptor - enabled               = true
2026-03-12 15:55:11 INFO  c.e.e.i.RateLimitingTokenBucketInterceptor - general capacity      = 5/min
2026-03-12 15:55:11 INFO  c.e.e.i.RateLimitingTokenBucketInterceptor - login capacity        = 5/min
2026-03-12 15:55:11 INFO  c.e.e.i.RateLimitingTokenBucketInterceptor - register capacity     = 3/min
2026-03-12 15:55:11 INFO  c.e.e.i.RateLimitingTokenBucketInterceptor - get-user capacity     = 5/min
2026-03-12 15:55:11 INFO  c.e.e.i.RateLimitingTokenBucketInterceptor - =================================================================================================
2026-03-12 15:55:46 DEBUG c.e.e.i.RateLimitingTokenBucketInterceptor - Token Allowed | IP: 0:0:0:0:0:0:0:1 | URL: /api/v1/reports/auth-summary-data | Tokens left: 3
2026-03-12 15:55:46 DEBUG c.e.e.i.RateLimitingTokenBucketInterceptor - Token Allowed | IP: 0:0:0:0:0:0:0:1 | URL: /api/v1/reports/users-data | Tokens left: 2
2026-03-12 15:55:46 DEBUG c.e.e.i.RateLimitingTokenBucketInterceptor - Token Allowed | IP: 0:0:0:0:0:0:0:1 | URL: /api/v1/reports/user-roles-data | Tokens left: 4
2026-03-12 15:56:06 DEBUG c.e.e.i.RateLimitingTokenBucketInterceptor - Token Allowed | IP: 0:0:0:0:0:0:0:1 | URL: /api/v1/reports/user-roles-data | Tokens left: 2
2026-03-12 15:56:10 DEBUG c.e.e.i.RateLimitingTokenBucketInterceptor - Token Allowed | IP: 0:0:0:0:0:0:0:1 | URL: /api/v1/reports/user-roles-data | Tokens left: 2
2026-03-12 15:56:15 DEBUG c.e.e.i.RateLimitingTokenBucketInterceptor - Token Allowed | IP: 0:0:0:0:0:0:0:1 | URL: /api/v1/reports/user-roles-data | Tokens left: 1
2026-03-12 15:56:17 DEBUG c.e.e.i.RateLimitingTokenBucketInterceptor - Token Allowed | IP: 0:0:0:0:0:0:0:1 | URL: /api/v1/reports/user-roles-data | Tokens left: 0
2026-03-12 15:56:54 DEBUG c.e.e.i.RateLimitingTokenBucketInterceptor - Token Allowed | IP: 0:0:0:0:0:0:0:1 | URL: /api/v1/reports/auth-summary-data | Tokens left: 2
2026-03-12 15:56:54 DEBUG c.e.e.i.RateLimitingTokenBucketInterceptor - Token Allowed | IP: 0:0:0:0:0:0:0:1 | URL: /api/v1/reports/users-data | Tokens left: 1
2026-03-12 15:56:54 DEBUG c.e.e.i.RateLimitingTokenBucketInterceptor - Token Allowed | IP: 0:0:0:0:0:0:0:1 | URL: /api/v1/reports/user-roles-data | Tokens left: 0
2026-03-12 15:58:08 DEBUG c.e.e.i.RateLimitingTokenBucketInterceptor - Token Allowed | IP: 0:0:0:0:0:0:0:1 | URL: /api/v1/reports/users-data | Tokens left: 4
2026-03-12 15:58:08 DEBUG c.e.e.i.RateLimitingTokenBucketInterceptor - Token Allowed | IP: 0:0:0:0:0:0:0:1 | URL: /api/v1/reports/auth-summary-data | Tokens left: 3
2026-03-12 15:58:08 DEBUG c.e.e.i.RateLimitingTokenBucketInterceptor - Token Allowed | IP: 0:0:0:0:0:0:0:1 | URL: /api/v1/reports/user-roles-data | Tokens left: 2
2026-03-12 15:58:25 DEBUG c.e.e.i.RateLimitingTokenBucketInterceptor - Token Allowed | IP: 0:0:0:0:0:0:0:1 | URL: /api/v1/reports/auth-summary-data | Tokens left: 2
2026-03-12 15:58:25 DEBUG c.e.e.i.RateLimitingTokenBucketInterceptor - Token Allowed | IP: 0:0:0:0:0:0:0:1 | URL: /api/v1/reports/users-data | Tokens left: 1
2026-03-12 15:58:25 DEBUG c.e.e.i.RateLimitingTokenBucketInterceptor - Token Allowed | IP: 0:0:0:0:0:0:0:1 | URL: /api/v1/reports/user-roles-data | Tokens left: 0
2026-03-12 15:58:56 DEBUG c.e.e.i.RateLimitingTokenBucketInterceptor - Token Allowed | IP: 0:0:0:0:0:0:0:1 | URL: /api/v1/reports/user-roles-data | Tokens left: 1
2026-03-12 15:59:02 DEBUG c.e.e.i.RateLimitingTokenBucketInterceptor - Token Allowed | IP: 0:0:0:0:0:0:0:1 | URL: /api/v1/reports/user-roles-data | Tokens left: 1
2026-03-12 15:59:06 DEBUG c.e.e.i.RateLimitingTokenBucketInterceptor - Token Allowed | IP: 0:0:0:0:0:0:0:1 | URL: /api/v1/reports/user-roles-data | Tokens left: 0
2026-03-12 16:00:55 DEBUG c.e.e.i.RateLimitingTokenBucketInterceptor - Token Allowed | IP: 0:0:0:0:0:0:0:1 | URL: /api/v1/reports/users-data | Tokens left: 4
2026-03-12 16:00:55 DEBUG c.e.e.i.RateLimitingTokenBucketInterceptor - Token Allowed | IP: 0:0:0:0:0:0:0:1 | URL: /api/v1/reports/auth-summary-data | Tokens left: 3
2026-03-12 16:00:55 DEBUG c.e.e.i.RateLimitingTokenBucketInterceptor - Token Allowed | IP: 0:0:0:0:0:0:0:1 | URL: /api/v1/reports/user-roles-data | Tokens left: 2
2026-03-12 16:03:02 DEBUG c.e.e.i.RateLimitingTokenBucketInterceptor - Token Allowed | IP: 0:0:0:0:0:0:0:1 | URL: /api/v1/reports/auth-summary | Tokens left: 4
2026-03-12 16:09:34 INFO  c.e.e.i.RateLimitingTokenBucketInterceptor - =================================================================================================
2026-03-12 16:09:34 INFO  c.e.e.i.RateLimitingTokenBucketInterceptor - RateLimitingInterceptor for Token Bucket is ready.................................................
2026-03-12 16:09:34 INFO  c.e.e.i.RateLimitingTokenBucketInterceptor - enabled               = true
2026-03-12 16:09:34 INFO  c.e.e.i.RateLimitingTokenBucketInterceptor - general capacity      = 5/min
2026-03-12 16:09:34 INFO  c.e.e.i.RateLimitingTokenBucketInterceptor - login capacity        = 5/min
2026-03-12 16:09:34 INFO  c.e.e.i.RateLimitingTokenBucketInterceptor - register capacity     = 3/min
2026-03-12 16:09:34 INFO  c.e.e.i.RateLimitingTokenBucketInterceptor - get-user capacity     = 5/min
2026-03-12 16:09:34 INFO  c.e.e.i.RateLimitingTokenBucketInterceptor - =================================================================================================
2026-03-12 16:10:52 DEBUG c.e.e.i.RateLimitingTokenBucketInterceptor - Token Allowed | IP: 0:0:0:0:0:0:0:1 | URL: /api/v1/reports/users-data | Tokens left: 2
2026-03-12 16:10:52 DEBUG c.e.e.i.RateLimitingTokenBucketInterceptor - Token Allowed | IP: 0:0:0:0:0:0:0:1 | URL: /api/v1/reports/user-roles-data | Tokens left: 2
2026-03-12 16:10:52 DEBUG c.e.e.i.RateLimitingTokenBucketInterceptor - Token Allowed | IP: 0:0:0:0:0:0:0:1 | URL: /api/v1/reports/auth-summary-data | Tokens left: 2
2026-03-12 16:16:37 DEBUG c.e.e.i.RateLimitingTokenBucketInterceptor - Token Allowed | IP: 0:0:0:0:0:0:0:1 | URL: /api/v1/reports/auth-summary-data | Tokens left: 4
2026-03-12 16:16:37 DEBUG c.e.e.i.RateLimitingTokenBucketInterceptor - Token Allowed | IP: 0:0:0:0:0:0:0:1 | URL: /api/v1/reports/users-data | Tokens left: 3
2026-03-12 16:16:37 DEBUG c.e.e.i.RateLimitingTokenBucketInterceptor - Token Allowed | IP: 0:0:0:0:0:0:0:1 | URL: /api/v1/reports/user-roles-data | Tokens left: 2
2026-03-12 16:47:18 INFO  c.e.e.i.RateLimitingTokenBucketInterceptor - =================================================================================================
2026-03-12 16:47:18 INFO  c.e.e.i.RateLimitingTokenBucketInterceptor - RateLimitingInterceptor for Token Bucket is ready.................................................
2026-03-12 16:47:18 INFO  c.e.e.i.RateLimitingTokenBucketInterceptor - enabled               = true
2026-03-12 16:47:18 INFO  c.e.e.i.RateLimitingTokenBucketInterceptor - general capacity      = 5/min
2026-03-12 16:47:18 INFO  c.e.e.i.RateLimitingTokenBucketInterceptor - login capacity        = 5/min
2026-03-12 16:47:18 INFO  c.e.e.i.RateLimitingTokenBucketInterceptor - register capacity     = 3/min
2026-03-12 16:47:18 INFO  c.e.e.i.RateLimitingTokenBucketInterceptor - get-user capacity     = 5/min
2026-03-12 16:47:18 INFO  c.e.e.i.RateLimitingTokenBucketInterceptor - =================================================================================================
2026-03-12 16:47:39 DEBUG c.e.e.i.RateLimitingTokenBucketInterceptor - Token Allowed | IP: 0:0:0:0:0:0:0:1 | URL: /api/v1/reports/user-roles-data | Tokens left: 4
2026-03-12 16:47:39 DEBUG c.e.e.i.RateLimitingTokenBucketInterceptor - Token Allowed | IP: 0:0:0:0:0:0:0:1 | URL: /api/v1/reports/auth-summary-data | Tokens left: 3
2026-03-12 16:47:39 DEBUG c.e.e.i.RateLimitingTokenBucketInterceptor - Token Allowed | IP: 0:0:0:0:0:0:0:1 | URL: /api/v1/reports/users-data | Tokens left: 2
2026-03-12 16:48:09 DEBUG c.e.e.i.RateLimitingTokenBucketInterceptor - Token Allowed | IP: 0:0:0:0:0:0:0:1 | URL: /api/v1/reports/auth-summary-data | Tokens left: 3
2026-03-12 16:48:09 DEBUG c.e.e.i.RateLimitingTokenBucketInterceptor - Token Allowed | IP: 0:0:0:0:0:0:0:1 | URL: /api/v1/reports/users-data | Tokens left: 2
2026-03-12 16:48:09 DEBUG c.e.e.i.RateLimitingTokenBucketInterceptor - Token Allowed | IP: 0:0:0:0:0:0:0:1 | URL: /api/v1/reports/user-roles-data | Tokens left: 1
2026-03-12 16:48:18 DEBUG c.e.e.i.RateLimitingTokenBucketInterceptor - Token Allowed | IP: 0:0:0:0:0:0:0:1 | URL: /api/v1/reports/users-data | Tokens left: 1
2026-03-12 16:48:18 DEBUG c.e.e.i.RateLimitingTokenBucketInterceptor - Token Allowed | IP: 0:0:0:0:0:0:0:1 | URL: /api/v1/reports/user-roles-data | Tokens left: 0
2026-03-12 16:48:18 WARN  c.e.e.i.RateLimitingTokenBucketInterceptor - Token-Rate limit exceeded | IP: 0:0:0:0:0:0:0:1 | URL: /api/v1/reports/auth-summary-data
2026-03-12 16:48:39 DEBUG c.e.e.i.RateLimitingTokenBucketInterceptor - Token Allowed | IP: 0:0:0:0:0:0:0:1 | URL: /api/v1/reports/user-roles-data | Tokens left: 0
2026-03-12 16:48:42 DEBUG c.e.e.i.RateLimitingTokenBucketInterceptor - Token Allowed | IP: 0:0:0:0:0:0:0:1 | URL: /api/v1/reports/user-roles-data | Tokens left: 0
2026-03-12 16:48:42 WARN  c.e.e.i.RateLimitingTokenBucketInterceptor - Token-Rate limit exceeded | IP: 0:0:0:0:0:0:0:1 | URL: /api/v1/reports/auth-summary-data
2026-03-12 16:48:42 WARN  c.e.e.i.RateLimitingTokenBucketInterceptor - Token-Rate limit exceeded | IP: 0:0:0:0:0:0:0:1 | URL: /api/v1/reports/users-data
2026-03-12 16:48:57 DEBUG c.e.e.i.RateLimitingTokenBucketInterceptor - Token Allowed | IP: 0:0:0:0:0:0:0:1 | URL: /api/v1/reports/user-roles-data | Tokens left: 0
2026-03-12 16:48:57 WARN  c.e.e.i.RateLimitingTokenBucketInterceptor - Token-Rate limit exceeded | IP: 0:0:0:0:0:0:0:1 | URL: /api/v1/reports/users-data
2026-03-12 16:48:57 WARN  c.e.e.i.RateLimitingTokenBucketInterceptor - Token-Rate limit exceeded | IP: 0:0:0:0:0:0:0:1 | URL: /api/v1/reports/auth-summary-data
2026-03-12 16:50:27 DEBUG c.e.e.i.RateLimitingTokenBucketInterceptor - Token Allowed | IP: 0:0:0:0:0:0:0:1 | URL: /api/v1/reports/user-roles-data | Tokens left: 3
2026-03-12 16:50:27 DEBUG c.e.e.i.RateLimitingTokenBucketInterceptor - Token Allowed | IP: 0:0:0:0:0:0:0:1 | URL: /api/v1/reports/auth-summary-data | Tokens left: 3
2026-03-12 16:50:27 DEBUG c.e.e.i.RateLimitingTokenBucketInterceptor - Token Allowed | IP: 0:0:0:0:0:0:0:1 | URL: /api/v1/reports/users-data | Tokens left: 2
2026-03-12 16:53:10 DEBUG c.e.e.i.RateLimitingTokenBucketInterceptor - Token Allowed | IP: 0:0:0:0:0:0:0:1 | URL: /api/v1/reports/auth-summary-data | Tokens left: 4
2026-03-12 16:53:10 DEBUG c.e.e.i.RateLimitingTokenBucketInterceptor - Token Allowed | IP: 0:0:0:0:0:0:0:1 | URL: /api/v1/reports/user-roles-data | Tokens left: 3
2026-03-12 16:53:10 DEBUG c.e.e.i.RateLimitingTokenBucketInterceptor - Token Allowed | IP: 0:0:0:0:0:0:0:1 | URL: /api/v1/reports/users-data | Tokens left: 2
2026-03-12 16:53:29 DEBUG c.e.e.i.RateLimitingTokenBucketInterceptor - Token Allowed | IP: 0:0:0:0:0:0:0:1 | URL: /api/v1/reports/auth-summary | Tokens left: 2
2026-03-12 16:53:41 DEBUG c.e.e.i.RateLimitingTokenBucketInterceptor - Token Allowed | IP: 0:0:0:0:0:0:0:1 | URL: /api/v1/reports/auth-summary | Tokens left: 2
2026-03-12 16:55:20 DEBUG c.e.e.i.RateLimitingTokenBucketInterceptor - Token Allowed | IP: 0:0:0:0:0:0:0:1 | URL: /api/v1/reports/user-roles | Tokens left: 4
