2026-03-15 12:01:57 INFO  c.e.e.i.RateLimitingTokenBucketInterceptor - =================================================================================================
2026-03-15 12:01:57 INFO  c.e.e.i.RateLimitingTokenBucketInterceptor - RateLimitingInterceptor for Token Bucket is ready.................................................
2026-03-15 12:01:57 INFO  c.e.e.i.RateLimitingTokenBucketInterceptor - enabled               = true
2026-03-15 12:01:57 INFO  c.e.e.i.RateLimitingTokenBucketInterceptor - general capacity      = 5/min
2026-03-15 12:01:57 INFO  c.e.e.i.RateLimitingTokenBucketInterceptor - login capacity        = 5/min
2026-03-15 12:01:57 INFO  c.e.e.i.RateLimitingTokenBucketInterceptor - register capacity     = 3/min
2026-03-15 12:01:57 INFO  c.e.e.i.RateLimitingTokenBucketInterceptor - get-user capacity     = 5/min
2026-03-15 12:01:57 INFO  c.e.e.i.RateLimitingTokenBucketInterceptor - =================================================================================================
2026-03-15 12:02:37 DEBUG c.e.e.i.RateLimitingTokenBucketInterceptor - Token Allowed | IP: 0:0:0:0:0:0:0:1 | URL: /api/v1/reports/user-roles-data | Tokens left: 4
2026-03-15 12:02:37 DEBUG c.e.e.i.RateLimitingTokenBucketInterceptor - Token Allowed | IP: 0:0:0:0:0:0:0:1 | URL: /api/v1/reports/users-data | Tokens left: 2
2026-03-15 12:02:37 DEBUG c.e.e.i.RateLimitingTokenBucketInterceptor - Token Allowed | IP: 0:0:0:0:0:0:0:1 | URL: /api/v1/reports/auth-summary-data | Tokens left: 3
2026-03-15 12:03:04 DEBUG c.e.e.i.RateLimitingTokenBucketInterceptor - Token Allowed | IP: 0:0:0:0:0:0:0:1 | URL: /api/v1/reports/users-data | Tokens left: 3
2026-03-15 12:03:04 DEBUG c.e.e.i.RateLimitingTokenBucketInterceptor - Token Allowed | IP: 0:0:0:0:0:0:0:1 | URL: /api/v1/reports/auth-summary-data | Tokens left: 2
2026-03-15 12:03:04 DEBUG c.e.e.i.RateLimitingTokenBucketInterceptor - Token Allowed | IP: 0:0:0:0:0:0:0:1 | URL: /api/v1/reports/user-roles-data | Tokens left: 1
2026-03-15 12:14:45 INFO  c.e.e.i.RateLimitingTokenBucketInterceptor - =================================================================================================
2026-03-15 12:14:45 INFO  c.e.e.i.RateLimitingTokenBucketInterceptor - RateLimitingInterceptor for Token Bucket is ready.................................................
2026-03-15 12:14:45 INFO  c.e.e.i.RateLimitingTokenBucketInterceptor - enabled               = true
2026-03-15 12:14:45 INFO  c.e.e.i.RateLimitingTokenBucketInterceptor - general capacity      = 5/min
2026-03-15 12:14:45 INFO  c.e.e.i.RateLimitingTokenBucketInterceptor - login capacity        = 5/min
2026-03-15 12:14:45 INFO  c.e.e.i.RateLimitingTokenBucketInterceptor - register capacity     = 3/min
2026-03-15 12:14:45 INFO  c.e.e.i.RateLimitingTokenBucketInterceptor - get-user capacity     = 5/min
2026-03-15 12:14:45 INFO  c.e.e.i.RateLimitingTokenBucketInterceptor - =================================================================================================
2026-03-15 12:15:22 DEBUG c.e.e.i.RateLimitingTokenBucketInterceptor - Token Allowed | IP: 0:0:0:0:0:0:0:1 | URL: /api/v1/reports/user-roles-data | Tokens left: 2
2026-03-15 12:15:22 DEBUG c.e.e.i.RateLimitingTokenBucketInterceptor - Token Allowed | IP: 0:0:0:0:0:0:0:1 | URL: /api/v1/reports/auth-summary-data | Tokens left: 3
2026-03-15 12:15:22 DEBUG c.e.e.i.RateLimitingTokenBucketInterceptor - Token Allowed | IP: 0:0:0:0:0:0:0:1 | URL: /api/v1/reports/users-data | Tokens left: 4
2026-03-15 12:19:08 INFO  c.e.e.i.RateLimitingTokenBucketInterceptor - =================================================================================================
2026-03-15 12:19:08 INFO  c.e.e.i.RateLimitingTokenBucketInterceptor - RateLimitingInterceptor for Token Bucket is ready.................................................
2026-03-15 12:19:08 INFO  c.e.e.i.RateLimitingTokenBucketInterceptor - enabled               = true
2026-03-15 12:19:08 INFO  c.e.e.i.RateLimitingTokenBucketInterceptor - general capacity      = 5/min
2026-03-15 12:19:08 INFO  c.e.e.i.RateLimitingTokenBucketInterceptor - login capacity        = 5/min
2026-03-15 12:19:08 INFO  c.e.e.i.RateLimitingTokenBucketInterceptor - register capacity     = 3/min
2026-03-15 12:19:08 INFO  c.e.e.i.RateLimitingTokenBucketInterceptor - get-user capacity     = 5/min
2026-03-15 12:19:08 INFO  c.e.e.i.RateLimitingTokenBucketInterceptor - =================================================================================================
2026-03-15 12:19:38 DEBUG c.e.e.i.RateLimitingTokenBucketInterceptor - Token Allowed | IP: 0:0:0:0:0:0:0:1 | URL: /api/v1/reports/auth-summary-data | Tokens left: 4
2026-03-15 12:19:38 DEBUG c.e.e.i.RateLimitingTokenBucketInterceptor - Token Allowed | IP: 0:0:0:0:0:0:0:1 | URL: /api/v1/reports/users-data | Tokens left: 3
2026-03-15 12:19:38 DEBUG c.e.e.i.RateLimitingTokenBucketInterceptor - Token Allowed | IP: 0:0:0:0:0:0:0:1 | URL: /api/v1/reports/user-roles-data | Tokens left: 2
2026-03-15 12:21:36 DEBUG c.e.e.i.RateLimitingTokenBucketInterceptor - Token Allowed | IP: 0:0:0:0:0:0:0:1 | URL: /api/v1/reports/users-data | Tokens left: 4
2026-03-15 12:21:36 DEBUG c.e.e.i.RateLimitingTokenBucketInterceptor - Token Allowed | IP: 0:0:0:0:0:0:0:1 | URL: /api/v1/reports/auth-summary-data | Tokens left: 3
2026-03-15 12:21:36 DEBUG c.e.e.i.RateLimitingTokenBucketInterceptor - Token Allowed | IP: 0:0:0:0:0:0:0:1 | URL: /api/v1/reports/user-roles-data | Tokens left: 2
2026-03-15 12:24:28 INFO  c.e.e.i.RateLimitingTokenBucketInterceptor - =================================================================================================
2026-03-15 12:24:28 INFO  c.e.e.i.RateLimitingTokenBucketInterceptor - RateLimitingInterceptor for Token Bucket is ready.................................................
2026-03-15 12:24:28 INFO  c.e.e.i.RateLimitingTokenBucketInterceptor - enabled               = true
2026-03-15 12:24:28 INFO  c.e.e.i.RateLimitingTokenBucketInterceptor - general capacity      = 5/min
2026-03-15 12:24:28 INFO  c.e.e.i.RateLimitingTokenBucketInterceptor - login capacity        = 5/min
2026-03-15 12:24:28 INFO  c.e.e.i.RateLimitingTokenBucketInterceptor - register capacity     = 3/min
2026-03-15 12:24:28 INFO  c.e.e.i.RateLimitingTokenBucketInterceptor - get-user capacity     = 5/min
2026-03-15 12:24:28 INFO  c.e.e.i.RateLimitingTokenBucketInterceptor - =================================================================================================
2026-03-15 12:24:56 DEBUG c.e.e.i.RateLimitingTokenBucketInterceptor - Token Allowed | IP: 0:0:0:0:0:0:0:1 | URL: /api/v1/reports/user-roles-data | Tokens left: 3
2026-03-15 12:24:56 DEBUG c.e.e.i.RateLimitingTokenBucketInterceptor - Token Allowed | IP: 0:0:0:0:0:0:0:1 | URL: /api/v1/reports/users-data | Tokens left: 4
2026-03-15 12:24:56 DEBUG c.e.e.i.RateLimitingTokenBucketInterceptor - Token Allowed | IP: 0:0:0:0:0:0:0:1 | URL: /api/v1/reports/auth-summary-data | Tokens left: 2
2026-03-15 12:27:22 INFO  c.e.e.i.RateLimitingTokenBucketInterceptor - =================================================================================================
2026-03-15 12:27:22 INFO  c.e.e.i.RateLimitingTokenBucketInterceptor - RateLimitingInterceptor for Token Bucket is ready.................................................
2026-03-15 12:27:22 INFO  c.e.e.i.RateLimitingTokenBucketInterceptor - enabled               = true
2026-03-15 12:27:22 INFO  c.e.e.i.RateLimitingTokenBucketInterceptor - general capacity      = 5/min
2026-03-15 12:27:22 INFO  c.e.e.i.RateLimitingTokenBucketInterceptor - login capacity        = 5/min
2026-03-15 12:27:22 INFO  c.e.e.i.RateLimitingTokenBucketInterceptor - register capacity     = 3/min
2026-03-15 12:27:22 INFO  c.e.e.i.RateLimitingTokenBucketInterceptor - get-user capacity     = 5/min
2026-03-15 12:27:22 INFO  c.e.e.i.RateLimitingTokenBucketInterceptor - =================================================================================================
2026-03-15 12:27:46 DEBUG c.e.e.i.RateLimitingTokenBucketInterceptor - Token Allowed | IP: 0:0:0:0:0:0:0:1 | URL: /api/v1/reports/auth-summary-data | Tokens left: 3
2026-03-15 12:27:46 DEBUG c.e.e.i.RateLimitingTokenBucketInterceptor - Token Allowed | IP: 0:0:0:0:0:0:0:1 | URL: /api/v1/reports/users-data | Tokens left: 4
2026-03-15 12:27:46 DEBUG c.e.e.i.RateLimitingTokenBucketInterceptor - Token Allowed | IP: 0:0:0:0:0:0:0:1 | URL: /api/v1/reports/user-roles-data | Tokens left: 2
2026-03-15 12:30:32 INFO  c.e.e.i.RateLimitingTokenBucketInterceptor - =================================================================================================
2026-03-15 12:30:32 INFO  c.e.e.i.RateLimitingTokenBucketInterceptor - RateLimitingInterceptor for Token Bucket is ready.................................................
2026-03-15 12:30:32 INFO  c.e.e.i.RateLimitingTokenBucketInterceptor - enabled               = true
2026-03-15 12:30:32 INFO  c.e.e.i.RateLimitingTokenBucketInterceptor - general capacity      = 5/min
2026-03-15 12:30:32 INFO  c.e.e.i.RateLimitingTokenBucketInterceptor - login capacity        = 5/min
2026-03-15 12:30:32 INFO  c.e.e.i.RateLimitingTokenBucketInterceptor - register capacity     = 3/min
2026-03-15 12:30:32 INFO  c.e.e.i.RateLimitingTokenBucketInterceptor - get-user capacity     = 5/min
2026-03-15 12:30:32 INFO  c.e.e.i.RateLimitingTokenBucketInterceptor - =================================================================================================
2026-03-15 12:30:58 DEBUG c.e.e.i.RateLimitingTokenBucketInterceptor - Token Allowed | IP: 0:0:0:0:0:0:0:1 | URL: /api/v1/reports/users-data | Tokens left: 4
2026-03-15 12:30:58 DEBUG c.e.e.i.RateLimitingTokenBucketInterceptor - Token Allowed | IP: 0:0:0:0:0:0:0:1 | URL: /api/v1/reports/user-roles-data | Tokens left: 3
2026-03-15 12:30:58 DEBUG c.e.e.i.RateLimitingTokenBucketInterceptor - Token Allowed | IP: 0:0:0:0:0:0:0:1 | URL: /api/v1/reports/auth-summary-data | Tokens left: 2
2026-03-15 12:31:31 DEBUG c.e.e.i.RateLimitingTokenBucketInterceptor - Token Allowed | IP: 0:0:0:0:0:0:0:1 | URL: /api/v1/reports/auth-summary-data | Tokens left: 3
2026-03-15 12:31:31 DEBUG c.e.e.i.RateLimitingTokenBucketInterceptor - Token Allowed | IP: 0:0:0:0:0:0:0:1 | URL: /api/v1/reports/users-data | Tokens left: 2
2026-03-15 12:31:31 DEBUG c.e.e.i.RateLimitingTokenBucketInterceptor - Token Allowed | IP: 0:0:0:0:0:0:0:1 | URL: /api/v1/reports/user-roles-data | Tokens left: 1
2026-03-15 12:36:02 INFO  c.e.e.i.RateLimitingTokenBucketInterceptor - =================================================================================================
2026-03-15 12:36:02 INFO  c.e.e.i.RateLimitingTokenBucketInterceptor - RateLimitingInterceptor for Token Bucket is ready.................................................
2026-03-15 12:36:02 INFO  c.e.e.i.RateLimitingTokenBucketInterceptor - enabled               = true
2026-03-15 12:36:02 INFO  c.e.e.i.RateLimitingTokenBucketInterceptor - general capacity      = 5/min
2026-03-15 12:36:02 INFO  c.e.e.i.RateLimitingTokenBucketInterceptor - login capacity        = 5/min
2026-03-15 12:36:02 INFO  c.e.e.i.RateLimitingTokenBucketInterceptor - register capacity     = 3/min
2026-03-15 12:36:02 INFO  c.e.e.i.RateLimitingTokenBucketInterceptor - get-user capacity     = 5/min
2026-03-15 12:36:02 INFO  c.e.e.i.RateLimitingTokenBucketInterceptor - =================================================================================================
2026-03-15 12:36:29 DEBUG c.e.e.i.RateLimitingTokenBucketInterceptor - Token Allowed | IP: 0:0:0:0:0:0:0:1 | URL: /api/v1/reports/user-roles-data | Tokens left: 4
2026-03-15 12:36:29 DEBUG c.e.e.i.RateLimitingTokenBucketInterceptor - Token Allowed | IP: 0:0:0:0:0:0:0:1 | URL: /api/v1/reports/users-data | Tokens left: 2
2026-03-15 12:36:29 DEBUG c.e.e.i.RateLimitingTokenBucketInterceptor - Token Allowed | IP: 0:0:0:0:0:0:0:1 | URL: /api/v1/reports/auth-summary-data | Tokens left: 3
2026-03-15 12:37:00 DEBUG c.e.e.i.RateLimitingTokenBucketInterceptor - Token Allowed | IP: 0:0:0:0:0:0:0:1 | URL: /api/v1/reports/auth-summary-data | Tokens left: 3
2026-03-15 12:37:00 DEBUG c.e.e.i.RateLimitingTokenBucketInterceptor - Token Allowed | IP: 0:0:0:0:0:0:0:1 | URL: /api/v1/reports/users-data | Tokens left: 2
2026-03-15 12:37:00 DEBUG c.e.e.i.RateLimitingTokenBucketInterceptor - Token Allowed | IP: 0:0:0:0:0:0:0:1 | URL: /api/v1/reports/user-roles-data | Tokens left: 1
2026-03-15 12:46:43 INFO  c.e.e.i.RateLimitingTokenBucketInterceptor - =================================================================================================
2026-03-15 12:46:43 INFO  c.e.e.i.RateLimitingTokenBucketInterceptor - RateLimitingInterceptor for Token Bucket is ready.................................................
2026-03-15 12:46:43 INFO  c.e.e.i.RateLimitingTokenBucketInterceptor - enabled               = true
2026-03-15 12:46:43 INFO  c.e.e.i.RateLimitingTokenBucketInterceptor - general capacity      = 5/min
2026-03-15 12:46:43 INFO  c.e.e.i.RateLimitingTokenBucketInterceptor - login capacity        = 5/min
2026-03-15 12:46:43 INFO  c.e.e.i.RateLimitingTokenBucketInterceptor - register capacity     = 3/min
2026-03-15 12:46:43 INFO  c.e.e.i.RateLimitingTokenBucketInterceptor - get-user capacity     = 5/min
2026-03-15 12:46:43 INFO  c.e.e.i.RateLimitingTokenBucketInterceptor - =================================================================================================
2026-03-15 12:47:14 DEBUG c.e.e.i.RateLimitingTokenBucketInterceptor - Token Allowed | IP: 0:0:0:0:0:0:0:1 | URL: /api/v1/reports/users-data | Tokens left: 2
2026-03-15 12:47:14 DEBUG c.e.e.i.RateLimitingTokenBucketInterceptor - Token Allowed | IP: 0:0:0:0:0:0:0:1 | URL: /api/v1/reports/user-roles-data | Tokens left: 3
2026-03-15 12:47:14 DEBUG c.e.e.i.RateLimitingTokenBucketInterceptor - Token Allowed | IP: 0:0:0:0:0:0:0:1 | URL: /api/v1/reports/auth-summary-data | Tokens left: 4
2026-03-15 12:51:57 DEBUG c.e.e.i.RateLimitingTokenBucketInterceptor - Token Allowed | IP: 0:0:0:0:0:0:0:1 | URL: /api/v1/reports/user-roles-data | Tokens left: 4
2026-03-15 12:51:57 DEBUG c.e.e.i.RateLimitingTokenBucketInterceptor - Token Allowed | IP: 0:0:0:0:0:0:0:1 | URL: /api/v1/reports/users-data | Tokens left: 3
2026-03-15 12:51:57 DEBUG c.e.e.i.RateLimitingTokenBucketInterceptor - Token Allowed | IP: 0:0:0:0:0:0:0:1 | URL: /api/v1/reports/auth-summary-data | Tokens left: 2
2026-03-15 12:52:19 DEBUG c.e.e.i.RateLimitingTokenBucketInterceptor - Token Allowed | IP: 0:0:0:0:0:0:0:1 | URL: /api/v1/reports/user-roles-data | Tokens left: 2
2026-03-15 12:52:19 DEBUG c.e.e.i.RateLimitingTokenBucketInterceptor - Token Allowed | IP: 0:0:0:0:0:0:0:1 | URL: /api/v1/reports/auth-summary-data | Tokens left: 1
2026-03-15 12:52:19 DEBUG c.e.e.i.RateLimitingTokenBucketInterceptor - Token Allowed | IP: 0:0:0:0:0:0:0:1 | URL: /api/v1/reports/users-data | Tokens left: 0
2026-03-15 12:52:42 DEBUG c.e.e.i.RateLimitingTokenBucketInterceptor - Token Allowed | IP: 0:0:0:0:0:0:0:1 | URL: /api/v1/reports/user-roles-data | Tokens left: 1
2026-03-15 12:52:42 DEBUG c.e.e.i.RateLimitingTokenBucketInterceptor - Token Allowed | IP: 0:0:0:0:0:0:0:1 | URL: /api/v1/reports/auth-summary-data | Tokens left: 0
2026-03-15 12:52:42 WARN  c.e.e.i.RateLimitingTokenBucketInterceptor - Token-Rate limit exceeded | IP: 0:0:0:0:0:0:0:1 | URL: /api/v1/reports/users-data
